2025/09/23 09:01:45 [Updater] 名单 [vn] 已成功更新，包含 8689 个IP/CIDR。
2025/09/23 09:01:45 [Manager] 新的WebSocket客户端已连接
2025/09/23 09:01:45 [Manager] 新的WebSocket客户端已连接
2025/09/23 09:01:45 [Manager] 新的WebSocket客户端已连接
2025/09/23 09:01:45 [Updater] 名单 [中国ip] 已成功保存到文件: ip_lists/中国ip.txt
2025/09/23 09:01:45 [Updater] 名单 [中国ip] 已成功更新，包含 8702 个IP/CIDR。
2025/09/23 09:01:45 [Updater] 所有动态名单更新周期完成。
2025/09/23 09:01:56 [Manager] 一个WebSocket客户端已断开
2025/09/23 09:01:56 [Manager] 一个WebSocket客户端已断开
2025/09/23 09:01:56 [Manager] 一个WebSocket客户端已断开
2025/09/23 09:01:56 [Manager] 新的WebSocket客户端已连接
2025/09/23 09:02:14 [Manager] 一个WebSocket客户端已断开
2025/09/23 09:02:14 [Manager] 新的WebSocket客户端已连接
2025/09/23 09:02:19 [Manager] 新的WebSocket客户端已连接
2025/09/23 09:02:31 [测试] TCP 连接已建立: 192.168.122.250:62454 <-> 192.168.122.250:3389
2025/09/23 09:02:32 [测试] TCP 连接已关闭: 192.168.122.250:62454 (ID: 2)
2025/09/23 09:02:45 [Manager] 已停止规则 [测试] 的TCP监听。
2025/09/23 09:02:45 [Manager] 已更新规则 [测试]
2025/09/23 09:02:45 ==== 规则 [测试] 的TCP监听已关闭 ====
2025/09/23 09:02:45 ==== 规则 [测试] 已启动并成功监听TCP在 [::]:22226 (tcp6) ====
2025/09/23 09:03:04 [Manager] 一个WebSocket客户端已断开
2025/09/23 09:03:04 [Manager] 新的WebSocket客户端已连接
2025/09/23 09:03:09 [Manager] 新的WebSocket客户端已连接
2025/09/23 09:03:15 [WebManager] 正在停止Web服务规则 [test-web]...
2025/09/23 09:03:15 [WebManager] 规则 [test-web] 的监听 [[::]:81] 已成功停止。
2025/09/23 09:03:15 [Manager] 已更新Web服务规则 [test-web]
2025/09/23 09:03:15 [WebForwarder] 开始监听Web服务 [test-web] on 0.0.0.0:81
2025/09/23 09:03:15 [WebForwarder] 开始监听Web服务 [test-web] on [::]:81
2025/09/23 09:03:21 [test-web] 新的Web连接: 192.168.122.250:62462 on 192.168.122.49:81
2025/09/23 09:03:21 [test-web] 新的Web连接: 192.168.122.250:62463 on 192.168.122.49:81
2025/09/23 09:03:21 [test-web] 请求未匹配子规则: 192.168.122.250:62462 -> GET 192.168.122.49:81/
2025/09/23 09:03:22 [test-web] 请求未匹配子规则: 192.168.122.250:62462 -> GET 192.168.122.49:81/
2025/09/23 09:07:37 [Manager] 一个WebSocket客户端已断开
2025/09/23 09:07:37 [Manager] 新的WebSocket客户端已连接
2025/09/23 09:07:42 [Manager] 新的WebSocket客户端已连接
2025/09/23 09:08:26 [WebManager] 正在停止Web服务规则 [test-web]...
2025/09/23 09:08:26 [WebManager] 规则 [test-web] 的监听 [0.0.0.0:81] 已成功停止。
2025/09/23 09:08:26 [WebManager] 规则 [test-web] 的监听 [[::]:81] 已成功停止。
2025/09/23 09:08:26 [Manager] 已更新Web服务规则 [test-web]
2025/09/23 09:08:26 [WebForwarder] 开始监听Web服务 [test-web] on 0.0.0.0:81
2025/09/23 09:08:47 [WebForwarder] 规则 [02test] 在 [0.0.0.0:80] 监听失败: listen tcp4 0.0.0.0:80: bind: address already in use
2025/09/23 09:08:47 [WebForwarder] 规则 [02test] 在 [[::]:80] 监听失败: listen tcp6 [::]:80: bind: address already in use
2025/09/23 09:08:47 [Manager] 已添加并启动新的Web服务规则 [02test]
2025/09/23 09:09:07 [Manager] 一个WebSocket客户端已断开
2025/09/23 09:09:07 [Manager] 新的WebSocket客户端已连接
2025/09/23 09:09:08 [Manager] 一个WebSocket客户端已断开
2025/09/23 09:09:08 [Manager] 新的WebSocket客户端已连接
2025/09/23 09:09:11 [Manager] 新的WebSocket客户端已连接
2025/09/23 09:09:11 [Manager] 新的WebSocket客户端已连接
2025/09/23 09:13:35 [Manager] 一个WebSocket客户端已断开
2025/09/23 09:13:35 [Manager] 新的WebSocket客户端已连接
2025/09/23 09:13:40 [Manager] 新的WebSocket客户端已连接
2025/09/23 09:13:40 [Manager] 一个WebSocket客户端已断开
2025/09/23 09:13:40 [Manager] 新的WebSocket客户端已连接
2025/09/23 09:13:41 [WebManager] 正在停止Web服务规则 [test-web]...
2025/09/23 09:13:41 [WebManager] 规则 [test-web] 的监听 [0.0.0.0:81] 已成功停止。
2025/09/23 09:13:43 [WebForwarder] 开始监听Web服务 [test-web] on 0.0.0.0:81
2025/09/23 09:13:44 [Manager] 新的WebSocket客户端已连接
2025/09/23 09:15:47 [Manager] 一个WebSocket客户端已断开
2025/09/23 09:15:47 [Manager] 新的WebSocket客户端已连接
2025/09/23 09:15:50 [LogJanitor] 日志清理服务已启动，每小时检查一次。
2025/09/23 09:15:50 配置加载成功。
2025/09/23 09:15:50 [IPFilter] 所有手动IP名单已更新。
2025/09/23 09:15:50 [IPFilter] 已从缓存文件加载名单 [中国ip] 到内存。
2025/09/23 09:15:50 [IPFilter] 已从缓存文件加载名单 [vn] 到内存。
2025/09/23 09:15:50 [Updater] 后台IP名单更新服务已启动，每 168h0m0s 检查一次。
2025/09/23 09:15:50 准备启动转发器...
2025/09/23 09:15:50 准备启动Web服务...
2025/09/23 09:15:50 [Updater] 发现 2 个需要更新的国家/URL IP名单，开始更新...
2025/09/23 09:15:50 ==== 规则 [test-tcp01] 已启动并成功监听UDP在 :53536 (udp) ====
2025/09/23 09:15:50 ==== 规则 [测试1] 已启动并成功监听TCP在 :2226 (tcp) ====
2025/09/23 09:15:50 ==== 规则 [端口转发] 已启动并成功监听TCP在 :2225 (tcp) ====
2025/09/23 09:15:50 ==== 规则 [ceshi3] 已启动并成功监听TCP在 :2228 (tcp) ====
2025/09/23 09:15:50 ==== 规则 [测试] 已启动并成功监听TCP在 [::]:22226 (tcp6) ====
2025/09/23 09:15:50 ==== 规则 [ceshi8] 已启动并成功监听TCP在 :22896 (tcp) ====
2025/09/23 09:15:50 [WebForwarder] 开始监听Web服务 [test-web] on 0.0.0.0:81
2025/09/23 09:15:50 ==== 规则 [test-all] 已启动并成功监听TCP在 0.0.0.0:2223 (tcp4) ====
2025/09/23 09:15:50 ==== 规则 [test-all] 已启动并成功监听UDP在 0.0.0.0:2223 (udp4) ====
2025/09/23 09:15:50 [WebForwarder] 规则 [02test] 在 [0.0.0.0:80] 监听失败: listen tcp4 0.0.0.0:80: bind: address already in use
2025/09/23 09:15:50 [WebForwarder] 规则 [02test] 在 [[::]:80] 监听失败: listen tcp6 [::]:80: bind: address already in use
2025/09/23 09:15:50 ==== 规则 [ceshi2] 已启动并成功监听TCP在 :2227 (tcp) ====
2025/09/23 09:15:50 ==== 规则 [测试4] 已启动并成功监听TCP在 :2229 (tcp) ====
2025/09/23 09:15:50 ==== 规则 [ceshi5] 已启动并成功监听TCP在 :2230 (tcp) ====
2025/09/23 09:15:50 [WebManager] 规则 [02test] 未能启动任何监听器，请检查日志。
2025/09/23 09:15:50 所有服务已在后台启动。
2025/09/23 09:15:50 Web API 和 WebSocket 服务器启动于 http://localhost:8080
2025/09/23 09:15:50 [Manager] 新的WebSocket客户端已连接
2025/09/23 09:15:50 [Manager] 新的WebSocket客户端已连接
2025/09/23 09:15:50 [Manager] 新的WebSocket客户端已连接
2025/09/23 09:15:50 [Manager] 新的WebSocket客户端已连接
2025/09/23 09:15:51 [Manager] 新的WebSocket客户端已连接
2025/09/23 09:15:51 [Manager] 新的WebSocket客户端已连接
2025/09/23 09:15:51 [Manager] 新的WebSocket客户端已连接
2025/09/23 09:15:51 [Manager] 新的WebSocket客户端已连接
2025/09/23 09:15:51 [Manager] 新的WebSocket客户端已连接
2025/09/23 09:15:51 [Updater] 名单 [vn] 已成功保存到文件: ip_lists/vn.txt
2025/09/23 09:15:51 [Updater] 名单 [vn] 已成功更新，包含 8689 个IP/CIDR。
2025/09/23 09:15:51 [Updater] 名单 [中国ip] 已成功保存到文件: ip_lists/中国ip.txt
2025/09/23 09:15:51 [Updater] 名单 [中国ip] 已成功更新，包含 8702 个IP/CIDR。
2025/09/23 09:15:51 [Updater] 所有动态名单更新周期完成。
2025/09/23 09:15:57 [Manager] 一个WebSocket客户端已断开
2025/09/23 09:15:57 [Manager] 一个WebSocket客户端已断开
2025/09/23 09:15:57 [Manager] 一个WebSocket客户端已断开
2025/09/23 09:15:57 [Manager] 一个WebSocket客户端已断开
2025/09/23 09:15:57 [Manager] 一个WebSocket客户端已断开
2025/09/23 09:15:57 [Manager] 一个WebSocket客户端已断开
2025/09/23 09:15:57 [Manager] 一个WebSocket客户端已断开
2025/09/23 09:15:57 [Manager] 一个WebSocket客户端已断开
2025/09/23 09:15:57 [Manager] 一个WebSocket客户端已断开
2025/09/23 09:15:57 [Manager] 新的WebSocket客户端已连接
2025/09/23 09:15:58 [Manager] 一个WebSocket客户端已断开
2025/09/23 09:15:58 [Manager] 新的WebSocket客户端已连接
2025/09/23 09:16:34 [test-web] 新的Web连接: 192.168.122.250:62505 on 192.168.122.49:81
2025/09/23 09:16:34 [test-web] 请求未匹配子规则: 192.168.122.250:62505 -> GET 192.168.122.49:81/
2025/09/23 09:16:34 [test-web] 新的Web连接: 192.168.122.250:62506 on 192.168.122.49:81
2025/09/23 09:17:21 [Manager] 一个WebSocket客户端已断开
2025/09/23 09:17:21 [Manager] 新的WebSocket客户端已连接
2025/09/23 09:17:26 [Manager] 一个WebSocket客户端已断开
2025/09/23 09:17:26 [Manager] 新的WebSocket客户端已连接
2025/09/23 09:17:26 [Manager] 新的WebSocket客户端已连接
2025/09/23 09:17:31 [Manager] 新的WebSocket客户端已连接
2025/09/23 09:19:52 [Manager] 一个WebSocket客户端已断开
2025/09/23 09:19:52 [Manager] 新的WebSocket客户端已连接
2025/09/23 09:19:57 [Manager] 新的WebSocket客户端已连接
2025/09/23 09:20:02 [Manager] 一个WebSocket客户端已断开
2025/09/23 09:20:02 [Manager] 新的WebSocket客户端已连接
2025/09/23 09:20:04 [Manager] 一个WebSocket客户端已断开
2025/09/23 09:20:04 [Manager] 新的WebSocket客户端已连接
2025/09/23 09:20:07 [Manager] 一个WebSocket客户端已断开
2025/09/23 09:20:07 [Manager] 新的WebSocket客户端已连接
2025/09/23 09:20:07 [Manager] 新的WebSocket客户端已连接
2025/09/23 09:20:09 [Manager] 新的WebSocket客户端已连接
2025/09/23 09:20:12 [Manager] 新的WebSocket客户端已连接
2025/09/23 09:23:54 [Manager] 一个WebSocket客户端已断开
2025/09/23 09:23:54 [Manager] 新的WebSocket客户端已连接
2025/09/23 09:23:55 [Manager] 一个WebSocket客户端已断开
2025/09/23 09:23:56 [Manager] 新的WebSocket客户端已连接
2025/09/23 09:23:56 [Manager] 一个WebSocket客户端已断开
2025/09/23 09:23:59 [Manager] 新的WebSocket客户端已连接
2025/09/23 09:24:00 [Manager] 新的WebSocket客户端已连接
2025/09/23 09:24:01 [Manager] 新的WebSocket客户端已连接
2025/09/23 09:24:09 [Manager] 新的WebSocket客户端已连接
2025/09/23 09:24:10 [Manager] 一个WebSocket客户端已断开
2025/09/23 09:24:10 [Manager] 新的WebSocket客户端已连接
2025/09/23 09:24:14 [Manager] 一个WebSocket客户端已断开
2025/09/23 09:24:14 [Manager] 新的WebSocket客户端已连接
2025/09/23 09:24:15 [Manager] 新的WebSocket客户端已连接
2025/09/23 09:24:18 [Manager] 新的WebSocket客户端已连接
2025/09/23 09:24:36 [Manager] 一个WebSocket客户端已断开
2025/09/23 09:24:36 [Manager] 新的WebSocket客户端已连接
2025/09/23 09:24:42 [LogJanitor] 日志清理服务已启动，每小时检查一次。
2025/09/23 09:24:42 配置加载成功。
2025/09/23 09:24:42 [IPFilter] 所有手动IP名单已更新。
2025/09/23 09:24:42 [IPFilter] 已从缓存文件加载名单 [中国ip] 到内存。
2025/09/23 09:24:42 [IPFilter] 已从缓存文件加载名单 [vn] 到内存。
2025/09/23 09:24:42 [Updater] 后台IP名单更新服务已启动，每 168h0m0s 检查一次。
2025/09/23 09:24:42 准备启动转发器...
2025/09/23 09:24:42 [Updater] 发现 2 个需要更新的国家/URL IP名单，开始更新...
2025/09/23 09:24:42 ==== 规则 [test-all] 已启动并成功监听UDP在 0.0.0.0:2223 (udp4) ====
2025/09/23 09:24:42 ==== 规则 [test-all] 已启动并成功监听TCP在 0.0.0.0:2223 (tcp4) ====
2025/09/23 09:24:42 [Updater] 名单 [vn] 已成功保存到文件: ip_lists/vn.txt
2025/09/23 09:24:42 [Updater] 名单 [vn] 已成功更新，包含 8689 个IP/CIDR。
2025/09/23 09:24:42 [Updater] 名单 [中国ip] 已成功保存到文件: ip_lists/中国ip.txt
2025/09/23 09:24:42 [Updater] 名单 [中国ip] 已成功更新，包含 8702 个IP/CIDR。
2025/09/23 09:24:42 [Updater] 所有动态名单更新周期完成。
2025/09/23 09:28:12 [LogJanitor] 日志清理服务已启动，每小时检查一次。
2025/09/23 09:28:12 配置加载成功。
2025/09/23 09:28:12 [IPFilter] 所有手动IP名单已更新。
2025/09/23 09:28:12 [IPFilter] 已从缓存文件加载名单 [中国ip] 到内存。
2025/09/23 09:28:12 [IPFilter] 已从缓存文件加载名单 [vn] 到内存。
2025/09/23 09:28:12 [Updater] 后台IP名单更新服务已启动，每 168h0m0s 检查一次。
2025/09/23 09:28:12 准备启动转发器...
2025/09/23 09:28:12 ==== 规则 [test-all] 已启动并成功监听UDP在 0.0.0.0:2223 (udp4) ====
2025/09/23 09:28:12 [Updater] 发现 2 个需要更新的国家/URL IP名单，开始更新...
2025/09/23 09:28:12 ==== 规则 [test-all] 已启动并成功监听TCP在 0.0.0.0:2223 (tcp4) ====
2025/09/23 09:28:12 ==== 规则 [test-tcp01] 已启动并成功监听UDP在 :53536 (udp) ====
2025/09/23 09:28:12 ==== 规则 [端口转发] 已启动并成功监听TCP在 :2225 (tcp) ====
2025/09/23 09:28:12 ==== 规则 [测试] 已启动并成功监听TCP在 [::]:22226 (tcp6) ====
2025/09/23 09:28:12 ==== 规则 [测试1] 已启动并成功监听TCP在 :2226 (tcp) ====
2025/09/23 09:28:12 ==== 规则 [ceshi2] 已启动并成功监听TCP在 :2227 (tcp) ====
2025/09/23 09:28:12 ==== 规则 [ceshi3] 已启动并成功监听TCP在 :2228 (tcp) ====
2025/09/23 09:28:12 ==== 规则 [测试4] 已启动并成功监听TCP在 :2229 (tcp) ====
2025/09/23 09:28:12 ==== 规则 [ceshi5] 已启动并成功监听TCP在 :2230 (tcp) ====
2025/09/23 09:28:12 ==== 规则 [ceshi8] 已启动并成功监听TCP在 :22896 (tcp) ====
2025/09/23 09:28:12 准备启动Web服务...
2025/09/23 09:28:12 [WebForwarder] 规则 [02test] 在 [0.0.0.0:80] 监听失败: listen tcp4 0.0.0.0:80: bind: address already in use
2025/09/23 09:28:12 [WebForwarder] 规则 [02test] 在 [[::]:80] 监听失败: listen tcp6 [::]:80: bind: address already in use
2025/09/23 09:28:12 [WebManager] 规则 [02test] 未能启动任何监听器，请检查日志。
2025/09/23 09:28:12 [WebForwarder] 开始监听Web服务 [test-web] on 0.0.0.0:81
2025/09/23 09:28:12 所有服务已在后台启动。
2025/09/23 09:28:12 Web API 和 WebSocket 服务器启动于 http://localhost:8080
2025/09/23 09:28:12 [Updater] 名单 [vn] 已成功保存到文件: ip_lists/vn.txt
2025/09/23 09:28:12 [Updater] 名单 [vn] 已成功更新，包含 8689 个IP/CIDR。
2025/09/23 09:28:12 [Manager] 新的WebSocket客户端已连接
2025/09/23 09:28:13 [Manager] 新的WebSocket客户端已连接
2025/09/23 09:28:13 [Updater] 名单 [中国ip] 已成功保存到文件: ip_lists/中国ip.txt
2025/09/23 09:28:13 [Updater] 名单 [中国ip] 已成功更新，包含 8702 个IP/CIDR。
2025/09/23 09:28:13 [Updater] 所有动态名单更新周期完成。
2025/09/23 09:28:14 [Manager] 新的WebSocket客户端已连接
2025/09/23 09:28:15 [Manager] 新的WebSocket客户端已连接
2025/09/23 09:28:18 [Manager] 新的WebSocket客户端已连接
2025/09/23 09:28:19 [Manager] 一个WebSocket客户端已断开
2025/09/23 09:28:19 [Manager] 一个WebSocket客户端已断开
2025/09/23 09:28:19 [Manager] 一个WebSocket客户端已断开
2025/09/23 09:28:19 [Manager] 一个WebSocket客户端已断开
2025/09/23 09:28:19 [Manager] 一个WebSocket客户端已断开
2025/09/23 09:28:19 [Manager] 新的WebSocket客户端已连接
2025/09/23 09:28:21 [Manager] 一个WebSocket客户端已断开
2025/09/23 09:28:21 [Manager] 新的WebSocket客户端已连接
2025/09/23 09:28:21 [Manager] 一个WebSocket客户端已断开
2025/09/23 09:28:21 [Manager] 新的WebSocket客户端已连接
2025/09/23 09:28:24 [Manager] 新的WebSocket客户端已连接
2025/09/23 09:28:25 [Manager] 一个WebSocket客户端已断开
2025/09/23 09:28:25 [Manager] 新的WebSocket客户端已连接
2025/09/23 09:28:26 [Manager] 一个WebSocket客户端已断开
2025/09/23 09:28:26 [Manager] 新的WebSocket客户端已连接
2025/09/23 09:28:29 [Manager] 一个WebSocket客户端已断开
2025/09/23 09:28:30 [Manager] 新的WebSocket客户端已连接
2025/09/23 09:28:31 [Manager] 新的WebSocket客户端已连接
2025/09/23 09:28:33 [Manager] 新的WebSocket客户端已连接
2025/09/23 09:28:37 [Manager] 新的WebSocket客户端已连接
2025/09/23 09:28:41 [Manager] 一个WebSocket客户端已断开
2025/09/23 09:28:41 [Manager] 新的WebSocket客户端已连接
2025/09/23 09:28:44 [Manager] 新的WebSocket客户端已连接
2025/09/23 09:28:52 [Manager] 已停止规则 [test-all] 的TCP监听。
2025/09/23 09:28:52 [Manager] 已停止规则 [test-all] 的UDP监听。
2025/09/23 09:28:52 ==== 规则 [test-all] 已启动并成功监听UDP在 0.0.0.0:80 (udp4) ====
2025/09/23 09:28:52 错误: 无法为规则 [test-all] 监听TCP端口 0.0.0.0:80 (tcp4): listen tcp4 0.0.0.0:80: bind: address already in use
2025/09/23 09:28:52 [Manager] 已更新规则 [test-all]
2025/09/23 09:29:00 [Manager] 一个WebSocket客户端已断开
2025/09/23 09:29:00 [Manager] 新的WebSocket客户端已连接
2025/09/23 09:29:01 [Manager] 一个WebSocket客户端已断开
2025/09/23 09:29:01 [Manager] 新的WebSocket客户端已连接
2025/09/23 09:29:05 [Manager] 新的WebSocket客户端已连接
2025/09/23 09:29:06 [Manager] 新的WebSocket客户端已连接
2025/09/23 09:29:44 [LogJanitor] 日志清理服务已启动，每小时检查一次。
2025/09/23 09:29:44 配置加载成功。
2025/09/23 09:29:44 [IPFilter] 所有手动IP名单已更新。
2025/09/23 09:29:44 [IPFilter] 已从缓存文件加载名单 [中国ip] 到内存。
2025/09/23 09:29:44 [IPFilter] 已从缓存文件加载名单 [vn] 到内存。
2025/09/23 09:29:44 [Updater] 后台IP名单更新服务已启动，每 168h0m0s 检查一次。
2025/09/23 09:29:44 准备启动转发器...
2025/09/23 09:29:44 [Updater] 发现 2 个需要更新的国家/URL IP名单，开始更新...
2025/09/23 09:29:44 ==== 规则 [test-all] 已启动并成功监听UDP在 0.0.0.0:80 (udp4) ====
2025/09/23 09:29:44 错误: 无法为规则 [test-all] 监听TCP端口 0.0.0.0:80 (tcp4): listen tcp4 0.0.0.0:80: bind: address already in use
2025/09/23 09:29:44 ==== 规则 [test-tcp01] 已启动并成功监听UDP在 :53536 (udp) ====
2025/09/23 09:29:44 ==== 规则 [端口转发] 已启动并成功监听TCP在 :2225 (tcp) ====
2025/09/23 09:29:44 ==== 规则 [测试] 已启动并成功监听TCP在 [::]:22226 (tcp6) ====
2025/09/23 09:29:44 ==== 规则 [测试1] 已启动并成功监听TCP在 :2226 (tcp) ====
2025/09/23 09:29:44 ==== 规则 [ceshi2] 已启动并成功监听TCP在 :2227 (tcp) ====
2025/09/23 09:29:44 ==== 规则 [ceshi3] 已启动并成功监听TCP在 :2228 (tcp) ====
2025/09/23 09:29:44 ==== 规则 [测试4] 已启动并成功监听TCP在 :2229 (tcp) ====
2025/09/23 09:29:44 ==== 规则 [ceshi5] 已启动并成功监听TCP在 :2230 (tcp) ====
2025/09/23 09:29:44 ==== 规则 [ceshi8] 已启动并成功监听TCP在 :22896 (tcp) ====
2025/09/23 09:29:44 准备启动Web服务...
2025/09/23 09:29:44 [WebManager] 规则 [02test] 已被禁用，跳过启动。
2025/09/23 09:29:44 所有服务已在后台启动。
2025/09/23 09:29:44 [WebForwarder] 开始监听Web服务 [test-web] on 0.0.0.0:81
2025/09/23 09:29:44 Web API 和 WebSocket 服务器启动于 http://localhost:8080
2025/09/23 09:29:44 [Updater] 名单 [vn] 已成功保存到文件: ip_lists/vn.txt
2025/09/23 09:29:44 [Updater] 名单 [vn] 已成功更新，包含 8689 个IP/CIDR。
2025/09/23 09:29:45 [Updater] 名单 [中国ip] 已成功保存到文件: ip_lists/中国ip.txt
2025/09/23 09:29:45 [Updater] 名单 [中国ip] 已成功更新，包含 8702 个IP/CIDR。
2025/09/23 09:29:45 [Updater] 所有动态名单更新周期完成。
2025/09/23 09:29:45 [Manager] 新的WebSocket客户端已连接
2025/09/23 09:29:45 [Manager] 新的WebSocket客户端已连接
2025/09/23 09:29:45 [Manager] 新的WebSocket客户端已连接
2025/09/23 09:29:45 [Manager] 新的WebSocket客户端已连接
2025/09/23 09:29:45 [Manager] 新的WebSocket客户端已连接
2025/09/23 09:29:45 [Manager] 新的WebSocket客户端已连接
2025/09/23 09:29:45 [Manager] 新的WebSocket客户端已连接
2025/09/23 09:29:45 [Manager] 新的WebSocket客户端已连接
2025/09/23 09:30:17 [Manager] 一个WebSocket客户端已断开
2025/09/23 09:30:17 [Manager] 一个WebSocket客户端已断开
2025/09/23 09:30:17 [Manager] 一个WebSocket客户端已断开
2025/09/23 09:30:17 [Manager] 一个WebSocket客户端已断开
2025/09/23 09:30:17 [Manager] 一个WebSocket客户端已断开
2025/09/23 09:30:17 [Manager] 一个WebSocket客户端已断开
2025/09/23 09:30:17 [Manager] 一个WebSocket客户端已断开
2025/09/23 09:30:17 [Manager] 一个WebSocket客户端已断开
2025/09/23 09:30:17 [Manager] 新的WebSocket客户端已连接
2025/09/23 09:30:19 [Manager] 一个WebSocket客户端已断开
2025/09/23 09:30:19 [Manager] 新的WebSocket客户端已连接
2025/09/23 09:30:21 [Manager] 一个WebSocket客户端已断开
2025/09/23 09:30:21 [Manager] 新的WebSocket客户端已连接
2025/09/23 09:30:24 [Manager] 新的WebSocket客户端已连接
2025/09/23 09:30:26 [Manager] 新的WebSocket客户端已连接
2025/09/23 09:31:22 [Manager] 一个WebSocket客户端已断开
2025/09/23 09:31:22 [Manager] 新的WebSocket客户端已连接
2025/09/23 09:31:25 [WebForwarder] 规则 [02test] 在 [0.0.0.0:80] 监听失败: listen tcp4 0.0.0.0:80: bind: address already in use
2025/09/23 09:31:25 [WebForwarder] 规则 [02test] 在 [[::]:80] 监听失败: listen tcp6 [::]:80: bind: address already in use
2025/09/23 09:31:25 [WebManager] 规则 [02test] 未能启动任何监听器，请检查日志。
2025/09/23 09:31:27 [Manager] 新的WebSocket客户端已连接
2025/09/23 09:31:28 [Manager] 一个WebSocket客户端已断开
2025/09/23 09:31:28 [Manager] 新的WebSocket客户端已连接
2025/09/23 09:31:33 [Manager] 新的WebSocket客户端已连接
2025/09/23 09:33:03 [LogJanitor] 日志清理服务已启动，每小时检查一次。
2025/09/23 09:33:03 配置加载成功。
2025/09/23 09:33:03 [IPFilter] 所有手动IP名单已更新。
2025/09/23 09:33:03 [IPFilter] 已从缓存文件加载名单 [中国ip] 到内存。
2025/09/23 09:33:03 [IPFilter] 已从缓存文件加载名单 [vn] 到内存。
2025/09/23 09:33:03 [Updater] 后台IP名单更新服务已启动，每 168h0m0s 检查一次。
2025/09/23 09:33:03 准备启动转发器...
2025/09/23 09:33:03 ==== 规则 [test-all] 已启动并成功监听UDP在 0.0.0.0:80 (udp4) ====
2025/09/23 09:33:03 错误: 无法为规则 [test-all] 监听TCP端口 0.0.0.0:80 (tcp4): listen tcp4 0.0.0.0:80: bind: address already in use
2025/09/23 09:33:03 [Manager] 规则 [test-all] 部分启动失败，正在停止已成功的部分...
2025/09/23 09:33:03 [Manager] 已停止规则 [test-all] 的UDP监听。
2025/09/23 09:33:03 ==== 规则 [test-tcp01] 已启动并成功监听UDP在 :53536 (udp) ====
2025/09/23 09:33:03 ==== 规则 [端口转发] 已启动并成功监听TCP在 :2225 (tcp) ====
2025/09/23 09:33:03 ==== 规则 [测试] 已启动并成功监听TCP在 [::]:22226 (tcp6) ====
2025/09/23 09:33:03 ==== 规则 [测试1] 已启动并成功监听TCP在 :2226 (tcp) ====
2025/09/23 09:33:03 ==== 规则 [ceshi2] 已启动并成功监听TCP在 :2227 (tcp) ====
2025/09/23 09:33:03 ==== 规则 [ceshi3] 已启动并成功监听TCP在 :2228 (tcp) ====
2025/09/23 09:33:03 ==== 规则 [测试4] 已启动并成功监听TCP在 :2229 (tcp) ====
2025/09/23 09:33:03 ==== 规则 [ceshi5] 已启动并成功监听TCP在 :2230 (tcp) ====
2025/09/23 09:33:03 [Updater] 发现 2 个需要更新的国家/URL IP名单，开始更新...
2025/09/23 09:33:03 ==== 规则 [ceshi8] 已启动并成功监听TCP在 :22896 (tcp) ====
2025/09/23 09:33:03 准备启动Web服务...
2025/09/23 09:33:03 [WebManager] 规则 [02test] 已被禁用，跳过启动。
2025/09/23 09:33:03 所有服务已在后台启动。
2025/09/23 09:33:03 [WebForwarder] 开始监听Web服务 [test-web] on 0.0.0.0:81
2025/09/23 09:33:03 Web API 和 WebSocket 服务器启动于 http://localhost:8080
2025/09/23 09:33:03 [Updater] 名单 [vn] 已成功保存到文件: ip_lists/vn.txt
2025/09/23 09:33:03 [Updater] 名单 [vn] 已成功更新，包含 8689 个IP/CIDR。
2025/09/23 09:33:04 [Updater] 名单 [中国ip] 已成功保存到文件: ip_lists/中国ip.txt
2025/09/23 09:33:04 [Updater] 名单 [中国ip] 已成功更新，包含 8702 个IP/CIDR。
2025/09/23 09:33:04 [Updater] 所有动态名单更新周期完成。
2025/09/23 09:33:04 [Manager] 新的WebSocket客户端已连接
2025/09/23 09:33:04 [Manager] 新的WebSocket客户端已连接
2025/09/23 09:33:04 [Manager] 新的WebSocket客户端已连接
2025/09/23 09:33:04 [Manager] 新的WebSocket客户端已连接
2025/09/23 09:33:04 [Manager] 新的WebSocket客户端已连接
2025/09/23 09:33:18 [Manager] 一个WebSocket客户端已断开
2025/09/23 09:33:18 [Manager] 新的WebSocket客户端已连接
2025/09/23 09:33:20 [Manager] 一个WebSocket客户端已断开
2025/09/23 09:33:20 [Manager] 新的WebSocket客户端已连接
2025/09/23 09:33:23 [Manager] 新的WebSocket客户端已连接
2025/09/23 09:33:25 [Manager] 新的WebSocket客户端已连接
2025/09/23 09:33:46 [Manager] 一个WebSocket客户端已断开
2025/09/23 09:33:46 [Manager] 新的WebSocket客户端已连接
2025/09/23 09:33:49 [WebForwarder] 规则 [02test] 在 [0.0.0.0:80] 监听失败: listen tcp4 0.0.0.0:80: bind: address already in use
2025/09/23 09:33:49 [WebForwarder] 规则 [02test] 在 [[::]:80] 监听失败: listen tcp6 [::]:80: bind: address already in use
2025/09/23 09:33:49 [WebManager] 规则 [02test] 未能启动任何监听器，请检查日志。
2025/09/23 09:33:51 [Manager] 新的WebSocket客户端已连接
2025/09/23 09:34:13 [WebForwarder] 规则 [02test] 在 [0.0.0.0:80] 监听失败: listen tcp4 0.0.0.0:80: bind: address already in use
2025/09/23 09:34:13 [WebForwarder] 规则 [02test] 在 [[::]:80] 监听失败: listen tcp6 [::]:80: bind: address already in use
2025/09/23 09:34:13 [WebManager] 规则 [02test] 未能启动任何监听器，请检查日志。
2025/09/23 09:34:23 [Manager] 一个WebSocket客户端已断开
2025/09/23 09:34:23 [Manager] 新的WebSocket客户端已连接
2025/09/23 09:34:28 [Manager] 新的WebSocket客户端已连接
2025/09/23 09:34:32 [Manager] 已停止规则 [测试] 的TCP监听。
2025/09/23 09:34:32 [Manager] 规则 [测试] 状态已切换为: false
2025/09/23 09:34:35 ==== 规则 [测试] 已启动并成功监听TCP在 [::]:22226 (tcp6) ====
2025/09/23 09:34:35 [Manager] 规则 [测试] 状态已切换为: true
2025/09/23 09:34:50 [Manager] 一个WebSocket客户端已断开
2025/09/23 09:34:50 [Manager] 新的WebSocket客户端已连接
2025/09/23 09:34:52 [Manager] 一个WebSocket客户端已断开
2025/09/23 09:34:55 [Manager] 新的WebSocket客户端已连接
2025/09/23 09:34:56 [Manager] 新的WebSocket客户端已连接
2025/09/23 09:34:57 [Manager] 一个WebSocket客户端已断开
2025/09/23 09:34:57 [Manager] 新的WebSocket客户端已连接
2025/09/23 09:34:57 [Manager] 新的WebSocket客户端已连接
2025/09/23 09:34:58 [Manager] 一个WebSocket客户端已断开
2025/09/23 09:34:58 [Manager] 新的WebSocket客户端已连接
2025/09/23 09:34:58 [Manager] 一个WebSocket客户端已断开
2025/09/23 09:35:01 [Manager] 新的WebSocket客户端已连接
2025/09/23 09:35:03 [Manager] 新的WebSocket客户端已连接
2025/09/23 09:35:03 [Manager] 新的WebSocket客户端已连接
2025/09/23 09:35:04 [Manager] 新的WebSocket客户端已连接
2025/09/23 09:35:11 [Manager] 一个WebSocket客户端已断开
2025/09/23 09:35:11 [Manager] 新的WebSocket客户端已连接
2025/09/23 09:35:16 [Manager] 新的WebSocket客户端已连接
2025/09/23 09:35:25 [Manager] 一个WebSocket客户端已断开
2025/09/23 09:35:25 [Manager] 新的WebSocket客户端已连接
2025/09/23 09:35:30 [Manager] 新的WebSocket客户端已连接
2025/09/23 09:35:49 ==== 规则 [test-all] 已启动并成功监听UDP在 :80 (udp) ====
2025/09/23 09:35:49 错误: 无法为规则 [test-all] 监听TCP端口 :80 (tcp): listen tcp :80: bind: address already in use
2025/09/23 09:35:49 [Manager] 规则 [test-all] 部分启动失败，正在停止已成功的部分...
2025/09/23 09:35:49 [Manager] 已停止规则 [test-all] 的UDP监听。
2025/09/23 09:35:49 [Manager] 已更新规则 [test-all]
2025/09/23 09:36:07 ==== 规则 [test-all] 已启动并成功监听UDP在 0.0.0.0:80 (udp4) ====
2025/09/23 09:36:07 错误: 无法为规则 [test-all] 监听TCP端口 0.0.0.0:80 (tcp4): listen tcp4 0.0.0.0:80: bind: address already in use
2025/09/23 09:36:07 [Manager] 规则 [test-all] 部分启动失败，正在停止已成功的部分...
2025/09/23 09:36:07 [Manager] 已停止规则 [test-all] 的UDP监听。
2025/09/23 09:36:07 [Manager] 已更新规则 [test-all]
2025/09/23 09:36:16 [Manager] 一个WebSocket客户端已断开
2025/09/23 09:36:16 [Manager] 新的WebSocket客户端已连接
2025/09/23 09:36:21 [Manager] 新的WebSocket客户端已连接
2025/09/23 09:36:43 [WebManager] 正在停止Web服务规则 [test-web]...
2025/09/23 09:36:43 [WebManager] 规则 [test-web] 的监听 [0.0.0.0:81] 已成功停止。
2025/09/23 09:36:43 [Manager] 已更新Web服务规则 [test-web]
2025/09/23 09:36:43 [WebForwarder] 开始监听Web服务 [test-web] on 0.0.0.0:81
2025/09/23 09:37:03 [WebManager] 正在停止Web服务规则 [test-web]...
2025/09/23 09:37:03 [WebManager] 规则 [test-web] 的监听 [0.0.0.0:81] 已成功停止。
2025/09/23 09:37:03 [Manager] 已更新Web服务规则 [test-web]
2025/09/23 09:37:03 [WebForwarder] 开始监听Web服务 [test-web] on 0.0.0.0:81
2025/09/23 09:39:43 [Manager] 一个WebSocket客户端已断开
2025/09/23 09:39:43 [Manager] 新的WebSocket客户端已连接
2025/09/23 09:39:48 [Manager] 新的WebSocket客户端已连接
2025/09/23 09:40:09 [Manager] 一个WebSocket客户端已断开
2025/09/23 09:40:09 [Manager] 新的WebSocket客户端已连接
2025/09/23 09:40:10 [Manager] 一个WebSocket客户端已断开
2025/09/23 09:40:10 [Manager] 新的WebSocket客户端已连接
2025/09/23 09:40:11 [Manager] 一个WebSocket客户端已断开
2025/09/23 09:40:11 [Manager] 新的WebSocket客户端已连接
2025/09/23 09:40:14 [Manager] 新的WebSocket客户端已连接
2025/09/23 09:40:14 [Manager] 新的WebSocket客户端已连接
2025/09/23 09:40:16 [Manager] 新的WebSocket客户端已连接
2025/09/23 09:41:28 [LogJanitor] 日志清理服务已启动，每小时检查一次。
2025/09/23 09:41:28 配置加载成功。
2025/09/23 09:41:28 [IPFilter] 所有手动IP名单已更新。
2025/09/23 09:41:28 [IPFilter] 已从缓存文件加载名单 [中国ip] 到内存。
2025/09/23 09:41:28 [IPFilter] 已从缓存文件加载名单 [vn] 到内存。
2025/09/23 09:41:28 [Updater] 后台IP名单更新服务已启动，每 168h0m0s 检查一次。
2025/09/23 09:41:28 准备启动转发器...
2025/09/23 09:41:28 [Updater] 发现 2 个需要更新的国家/URL IP名单，开始更新...
2025/09/23 09:41:28 ==== 规则 [test-all] 已启动并成功监听UDP在 0.0.0.0:80 (udp4) ====
2025/09/23 09:41:28 错误: 无法为规则 [test-all] 监听TCP端口 0.0.0.0:80 (tcp4): listen tcp4 0.0.0.0:80: bind: address already in use
2025/09/23 09:41:28 [Manager] 规则 [test-all] 部分启动失败，正在停止已成功的部分...
2025/09/23 09:41:28 [Manager] 已停止规则 [test-all] 的UDP监听。
2025/09/23 09:41:28 ==== 规则 [test-tcp01] 已启动并成功监听UDP在 :53536 (udp) ====
2025/09/23 09:41:28 ==== 规则 [端口转发] 已启动并成功监听TCP在 :2225 (tcp) ====
2025/09/23 09:41:28 ==== 规则 [测试] 已启动并成功监听TCP在 [::]:22226 (tcp6) ====
2025/09/23 09:41:28 ==== 规则 [测试1] 已启动并成功监听TCP在 :2226 (tcp) ====
2025/09/23 09:41:28 ==== 规则 [ceshi2] 已启动并成功监听TCP在 :2227 (tcp) ====
2025/09/23 09:41:28 ==== 规则 [ceshi3] 已启动并成功监听TCP在 :2228 (tcp) ====
2025/09/23 09:41:28 ==== 规则 [测试4] 已启动并成功监听TCP在 :2229 (tcp) ====
2025/09/23 09:41:28 ==== 规则 [ceshi5] 已启动并成功监听TCP在 :2230 (tcp) ====
2025/09/23 09:41:28 ==== 规则 [ceshi8] 已启动并成功监听TCP在 :22896 (tcp) ====
2025/09/23 09:41:28 准备启动Web服务...
2025/09/23 09:41:28 [WebManager] 规则 [02test] 已被禁用，跳过启动。
2025/09/23 09:41:28 所有服务已在后台启动。
2025/09/23 09:41:28 [WebForwarder] 开始监听Web服务 [test-web] on 0.0.0.0:81
2025/09/23 09:41:28 Web API 和 WebSocket 服务器启动于 http://localhost:8080
2025/09/23 09:41:29 [Updater] 名单 [vn] 已成功保存到文件: ip_lists/vn.txt
2025/09/23 09:41:29 [Updater] 名单 [vn] 已成功更新，包含 8689 个IP/CIDR。
2025/09/23 09:41:29 [Manager] 新的WebSocket客户端已连接
2025/09/23 09:41:29 [Manager] 新的WebSocket客户端已连接
2025/09/23 09:41:29 [Manager] 新的WebSocket客户端已连接
2025/09/23 09:41:29 [Manager] 新的WebSocket客户端已连接
2025/09/23 09:41:29 [Manager] 新的WebSocket客户端已连接
2025/09/23 09:41:29 [Manager] 新的WebSocket客户端已连接
2025/09/23 09:41:29 [Manager] 新的WebSocket客户端已连接
2025/09/23 09:41:29 [Manager] 新的WebSocket客户端已连接
2025/09/23 09:41:29 [Manager] 新的WebSocket客户端已连接
2025/09/23 09:41:29 [Manager] 新的WebSocket客户端已连接
2025/09/23 09:41:29 [Manager] 新的WebSocket客户端已连接
2025/09/23 09:41:29 [Manager] 新的WebSocket客户端已连接
2025/09/23 09:41:29 [Manager] 新的WebSocket客户端已连接
2025/09/23 09:41:29 [Updater] 名单 [中国ip] 已成功保存到文件: ip_lists/中国ip.txt
2025/09/23 09:41:29 [Updater] 名单 [中国ip] 已成功更新，包含 8702 个IP/CIDR。
2025/09/23 09:41:29 [Updater] 所有动态名单更新周期完成。
2025/09/23 09:41:29 [Manager] 新的WebSocket客户端已连接
2025/09/23 09:41:29 [Manager] 新的WebSocket客户端已连接
2025/09/23 09:41:30 [Manager] 新的WebSocket客户端已连接
2025/09/23 09:41:30 [Manager] 新的WebSocket客户端已连接
2025/09/23 09:41:30 [Manager] 新的WebSocket客户端已连接
2025/09/23 09:41:31 [Manager] 新的WebSocket客户端已连接
2025/09/23 09:41:32 [Manager] 新的WebSocket客户端已连接
2025/09/23 09:41:32 [Manager] 新的WebSocket客户端已连接
2025/09/23 09:41:34 [Manager] 一个WebSocket客户端已断开
2025/09/23 09:41:34 [Manager] 新的WebSocket客户端已连接
2025/09/23 09:41:35 [Manager] 一个WebSocket客户端已断开
2025/09/23 09:41:35 [Manager] 新的WebSocket客户端已连接
2025/09/23 09:41:39 [Manager] 新的WebSocket客户端已连接
2025/09/23 09:41:40 [Manager] 新的WebSocket客户端已连接
2025/09/23 09:41:53 [WebManager] 正在停止Web服务规则 [test-web]...
2025/09/23 09:41:53 [WebManager] 规则 [test-web] 的监听 [0.0.0.0:81] 已成功停止。
2025/09/23 09:41:53 [WebForwarder] 规则 [test-web] 在 [192.168.85.21:81] 监听失败: listen tcp 192.168.85.21:81: bind: cannot assign requested address
2025/09/23 09:41:53 [WebManager] 规则 [test-web] 未能启动任何监听器，请检查日志。
2025/09/23 09:41:53 [Manager] 已更新Web服务规则 [test-web]
2025/09/23 09:42:43 [WebForwarder] 规则 [test-web] 在 [fe80::ac2:a1ff:fe44:c7d8:81] 监听失败: listen tcp: address fe80::ac2:a1ff:fe44:c7d8:81: too many colons in address
2025/09/23 09:42:43 [WebManager] 规则 [test-web] 未能启动任何监听器，请检查日志。
2025/09/23 09:42:43 [Manager] 已更新Web服务规则 [test-web]
2025/09/23 09:42:47 [Manager] 一个WebSocket客户端已断开
2025/09/23 09:42:47 [Manager] 新的WebSocket客户端已连接
2025/09/23 09:42:47 [Manager] 一个WebSocket客户端已断开
2025/09/23 09:42:47 [Manager] 新的WebSocket客户端已连接
2025/09/23 09:42:50 [Manager] 新的WebSocket客户端已连接
2025/09/23 09:42:52 [Manager] 新的WebSocket客户端已连接
2025/09/23 09:45:45 [LogJanitor] 日志清理服务已启动，每小时检查一次。
2025/09/23 09:45:45 配置加载成功。
2025/09/23 09:45:45 [IPFilter] 所有手动IP名单已更新。
2025/09/23 09:45:45 [IPFilter] 已从缓存文件加载名单 [中国ip] 到内存。
2025/09/23 09:45:45 [IPFilter] 已从缓存文件加载名单 [vn] 到内存。
2025/09/23 09:45:45 [Updater] 后台IP名单更新服务已启动，每 168h0m0s 检查一次。
2025/09/23 09:45:45 准备启动转发器...
2025/09/23 09:45:45 [Updater] 发现 2 个需要更新的国家/URL IP名单，开始更新...
2025/09/23 09:45:45 ==== 规则 [test-all] 已启动并成功监听UDP在 0.0.0.0:80 (udp4) ====
2025/09/23 09:45:45 错误: 无法为规则 [test-all] 监听TCP端口 0.0.0.0:80 (tcp4): listen tcp4 0.0.0.0:80: bind: address already in use
2025/09/23 09:45:45 [Manager] 规则 [test-all] 部分启动失败，正在停止已成功的部分...
2025/09/23 09:45:45 [Manager] 已停止规则 [test-all] 的UDP监听。
2025/09/23 09:45:45 ==== 规则 [test-tcp01] 已启动并成功监听UDP在 :53536 (udp) ====
2025/09/23 09:45:45 ==== 规则 [端口转发] 已启动并成功监听TCP在 :2225 (tcp) ====
2025/09/23 09:45:45 ==== 规则 [测试] 已启动并成功监听TCP在 [::]:22226 (tcp6) ====
2025/09/23 09:45:45 ==== 规则 [测试1] 已启动并成功监听TCP在 :2226 (tcp) ====
2025/09/23 09:45:45 ==== 规则 [ceshi2] 已启动并成功监听TCP在 :2227 (tcp) ====
2025/09/23 09:45:45 ==== 规则 [ceshi3] 已启动并成功监听TCP在 :2228 (tcp) ====
2025/09/23 09:45:45 ==== 规则 [测试4] 已启动并成功监听TCP在 :2229 (tcp) ====
2025/09/23 09:45:45 ==== 规则 [ceshi5] 已启动并成功监听TCP在 :2230 (tcp) ====
2025/09/23 09:45:45 ==== 规则 [ceshi8] 已启动并成功监听TCP在 :22896 (tcp) ====
2025/09/23 09:45:45 准备启动Web服务...
2025/09/23 09:45:45 [WebForwarder] 规则 [test-web] 在 [[fe80::ac2:a1ff:fe44:c7d8]:81] 监听失败: listen tcp [fe80::ac2:a1ff:fe44:c7d8]:81: bind: invalid argument
2025/09/23 09:45:45 [WebManager] 规则 [test-web] 未能启动任何监听器，请检查日志。
2025/09/23 09:45:45 [WebManager] 规则 [02test] 已被禁用，跳过启动。
2025/09/23 09:45:45 所有服务已在后台启动。
2025/09/23 09:45:45 Web API 和 WebSocket 服务器启动于 http://localhost:8080
2025/09/23 09:45:45 [Updater] 名单 [vn] 已成功保存到文件: ip_lists/vn.txt
2025/09/23 09:45:45 [Updater] 名单 [vn] 已成功更新，包含 8689 个IP/CIDR。
2025/09/23 09:45:45 [Manager] 新的WebSocket客户端已连接
2025/09/23 09:45:45 [Manager] 新的WebSocket客户端已连接
2025/09/23 09:45:45 [Manager] 新的WebSocket客户端已连接
2025/09/23 09:45:45 [Manager] 新的WebSocket客户端已连接
2025/09/23 09:45:45 [Manager] 新的WebSocket客户端已连接
2025/09/23 09:45:45 [Manager] 新的WebSocket客户端已连接
2025/09/23 09:45:45 [Manager] 新的WebSocket客户端已连接
2025/09/23 09:45:45 [Manager] 新的WebSocket客户端已连接
2025/09/23 09:45:45 [Manager] 新的WebSocket客户端已连接
2025/09/23 09:45:45 [Manager] 新的WebSocket客户端已连接
2025/09/23 09:45:46 [Manager] 新的WebSocket客户端已连接
2025/09/23 09:45:46 [Manager] 新的WebSocket客户端已连接
2025/09/23 09:45:46 [Manager] 新的WebSocket客户端已连接
2025/09/23 09:45:46 [Manager] 新的WebSocket客户端已连接
2025/09/23 09:45:46 [Manager] 新的WebSocket客户端已连接
2025/09/23 09:45:46 [Manager] 新的WebSocket客户端已连接
2025/09/23 09:45:46 [Updater] 名单 [中国ip] 已成功保存到文件: ip_lists/中国ip.txt
2025/09/23 09:45:46 [Updater] 名单 [中国ip] 已成功更新，包含 8702 个IP/CIDR。
2025/09/23 09:45:46 [Updater] 所有动态名单更新周期完成。
2025/09/23 09:45:47 [Manager] 新的WebSocket客户端已连接
2025/09/23 09:45:47 [Manager] 新的WebSocket客户端已连接
2025/09/23 09:45:48 [Manager] 新的WebSocket客户端已连接
2025/09/23 09:45:48 [Manager] 新的WebSocket客户端已连接
2025/09/23 09:45:48 [Manager] 新的WebSocket客户端已连接
2025/09/23 09:45:48 [Manager] 新的WebSocket客户端已连接
2025/09/23 09:45:49 [Manager] 新的WebSocket客户端已连接
2025/09/23 09:45:49 [Manager] 新的WebSocket客户端已连接
2025/09/23 09:45:49 [Manager] 一个WebSocket客户端已断开
2025/09/23 09:45:49 [Manager] 一个WebSocket客户端已断开
2025/09/23 09:45:49 [Manager] 一个WebSocket客户端已断开
2025/09/23 09:45:49 [Manager] 一个WebSocket客户端已断开
2025/09/23 09:45:49 [Manager] 一个WebSocket客户端已断开
2025/09/23 09:45:49 [Manager] 一个WebSocket客户端已断开
2025/09/23 09:45:49 [Manager] 一个WebSocket客户端已断开
2025/09/23 09:45:49 [Manager] 一个WebSocket客户端已断开
2025/09/23 09:45:49 [Manager] 一个WebSocket客户端已断开
2025/09/23 09:45:49 [Manager] 一个WebSocket客户端已断开
2025/09/23 09:45:49 [Manager] 一个WebSocket客户端已断开
2025/09/23 09:45:49 [Manager] 一个WebSocket客户端已断开
2025/09/23 09:45:49 [Manager] 一个WebSocket客户端已断开
2025/09/23 09:45:49 [Manager] 一个WebSocket客户端已断开
2025/09/23 09:45:49 [Manager] 一个WebSocket客户端已断开
2025/09/23 09:45:49 [Manager] 一个WebSocket客户端已断开
2025/09/23 09:45:49 [Manager] 一个WebSocket客户端已断开
2025/09/23 09:45:49 [Manager] 一个WebSocket客户端已断开
2025/09/23 09:45:49 [Manager] 一个WebSocket客户端已断开
2025/09/23 09:45:49 [Manager] 一个WebSocket客户端已断开
2025/09/23 09:45:49 [Manager] 一个WebSocket客户端已断开
2025/09/23 09:45:49 [Manager] 一个WebSocket客户端已断开
2025/09/23 09:45:49 [Manager] 一个WebSocket客户端已断开
2025/09/23 09:45:49 [Manager] 一个WebSocket客户端已断开
2025/09/23 09:45:49 [Manager] 新的WebSocket客户端已连接
2025/09/23 09:48:16 [Manager] 已更新Web服务规则 [test-web]
2025/09/23 09:48:16 [WebForwarder] 开始监听Web服务 [test-web] on [fe80::ac2:a1ff:fe44:c7d8%enp6s1]:81
2025/09/23 09:48:41 [WebManager] 正在停止Web服务规则 [test-web]...
2025/09/23 09:48:41 [WebManager] 规则 [test-web] 的监听 [[fe80::ac2:a1ff:fe44:c7d8%enp6s1]:81] 已成功停止。
2025/09/23 09:48:41 [Manager] 已更新Web服务规则 [test-web]
2025/09/23 09:48:41 [WebForwarder] 开始监听Web服务 [test-web] on 192.168.122.49:81
2025/09/23 09:50:31 [LogJanitor] 日志清理服务已启动，每小时检查一次。
2025/09/23 09:50:31 配置加载成功。
2025/09/23 09:50:31 [IPFilter] 所有手动IP名单已更新。
2025/09/23 09:50:31 [IPFilter] 已从缓存文件加载名单 [中国ip] 到内存。
2025/09/23 09:50:31 [IPFilter] 已从缓存文件加载名单 [vn] 到内存。
2025/09/23 09:50:31 [Updater] 后台IP名单更新服务已启动，每 168h0m0s 检查一次。
2025/09/23 09:50:31 准备启动转发器...
2025/09/23 09:50:31 [Updater] 发现 2 个需要更新的国家/URL IP名单，开始更新...
2025/09/23 09:50:31 ==== 规则 [test-all] 已启动并成功监听UDP在 0.0.0.0:80 (udp4) ====
2025/09/23 09:50:31 错误: 无法为规则 [test-all] 监听TCP端口 0.0.0.0:80 (tcp4): listen tcp4 0.0.0.0:80: bind: address already in use
2025/09/23 09:50:31 [Manager] 规则 [test-all] 部分启动失败，正在停止已成功的部分...
2025/09/23 09:50:31 [Manager] 已停止规则 [test-all] 的UDP监听。
2025/09/23 09:50:31 ==== 规则 [test-tcp01] 已启动并成功监听UDP在 :53536 (udp) ====
2025/09/23 09:50:31 ==== 规则 [端口转发] 已启动并成功监听TCP在 :2225 (tcp) ====
2025/09/23 09:50:31 ==== 规则 [测试] 已启动并成功监听TCP在 [::]:22226 (tcp6) ====
2025/09/23 09:50:31 ==== 规则 [测试1] 已启动并成功监听TCP在 :2226 (tcp) ====
2025/09/23 09:50:31 ==== 规则 [ceshi2] 已启动并成功监听TCP在 :2227 (tcp) ====
2025/09/23 09:50:31 ==== 规则 [ceshi3] 已启动并成功监听TCP在 :2228 (tcp) ====
2025/09/23 09:50:31 ==== 规则 [测试4] 已启动并成功监听TCP在 :2229 (tcp) ====
2025/09/23 09:50:31 ==== 规则 [ceshi5] 已启动并成功监听TCP在 :2230 (tcp) ====
2025/09/23 09:50:31 ==== 规则 [ceshi8] 已启动并成功监听TCP在 :22896 (tcp) ====
2025/09/23 09:50:31 准备启动Web服务...
2025/09/23 09:50:31 [WebManager] 规则 [02test] 已被禁用，跳过启动。
2025/09/23 09:50:31 所有服务已在后台启动。
2025/09/23 09:50:31 [WebForwarder] 开始监听Web服务 [test-web] on 192.168.122.49:81
2025/09/23 09:50:31 Web API 和 WebSocket 服务器启动于 http://localhost:8080
2025/09/23 09:50:31 [Updater] 名单 [vn] 已成功保存到文件: ip_lists/vn.txt
2025/09/23 09:50:31 [Updater] 名单 [vn] 已成功更新，包含 8689 个IP/CIDR。
2025/09/23 09:50:31 [Manager] 新的WebSocket客户端已连接
2025/09/23 09:50:32 [Updater] 名单 [中国ip] 已成功保存到文件: ip_lists/中国ip.txt
2025/09/23 09:50:32 [Updater] 名单 [中国ip] 已成功更新，包含 8702 个IP/CIDR。
2025/09/23 09:50:32 [Updater] 所有动态名单更新周期完成。
2025/09/23 09:50:50 [WebManager] 正在停止Web服务规则 [test-web]...
2025/09/23 09:50:50 [WebManager] 规则 [test-web] 的监听 [192.168.122.49:81] 已成功停止。
2025/09/23 09:50:50 [WebForwarder] 已自动为地址 [fe80::ac2:a1ff:fe44:c7d8] 找到网络接口 [enp6s1]
2025/09/23 09:50:50 [Manager] 已更新Web服务规则 [test-web]
2025/09/23 09:50:50 [WebForwarder] 开始监听Web服务 [test-web] on [fe80::ac2:a1ff:fe44:c7d8%enp6s1]:81
2025/09/23 09:57:49 [Manager] 一个WebSocket客户端已断开
2025/09/23 09:57:49 [Manager] 新的WebSocket客户端已连接
2025/09/23 09:59:11 [LogJanitor] 日志清理服务已启动，每小时检查一次。
2025/09/23 09:59:11 配置加载成功。
2025/09/23 09:59:11 [IPFilter] 所有手动IP名单已更新。
2025/09/23 09:59:11 [IPFilter] 已从缓存文件加载名单 [中国ip] 到内存。
2025/09/23 09:59:11 [IPFilter] 已从缓存文件加载名单 [vn] 到内存。
2025/09/23 09:59:11 [Updater] 后台IP名单更新服务已启动，每 168h0m0s 检查一次。
2025/09/23 09:59:11 准备启动转发器...
2025/09/23 09:59:11 [Updater] 发现 2 个需要更新的国家/URL IP名单，开始更新...
2025/09/23 09:59:11 ==== 规则 [test-all] 已启动并成功监听UDP在 0.0.0.0:80 (udp4) ====
2025/09/23 09:59:11 错误: 无法为规则 [test-all] 监听TCP端口 0.0.0.0:80 (tcp4): listen tcp4 0.0.0.0:80: bind: address already in use
2025/09/23 09:59:11 [Manager] 规则 [test-all] 部分启动失败，正在停止已成功的部分...
2025/09/23 09:59:11 [Manager] 已停止规则 [test-all] 的UDP监听。
2025/09/23 09:59:11 ==== 规则 [test-tcp01] 已启动并成功监听UDP在 :53536 (udp) ====
2025/09/23 09:59:11 ==== 规则 [端口转发] 已启动并成功监听TCP在 :2225 (tcp) ====
2025/09/23 09:59:11 ==== 规则 [测试] 已启动并成功监听TCP在 [::]:22226 (tcp6) ====
2025/09/23 09:59:11 ==== 规则 [测试1] 已启动并成功监听TCP在 :2226 (tcp) ====
2025/09/23 09:59:11 ==== 规则 [ceshi2] 已启动并成功监听TCP在 :2227 (tcp) ====
2025/09/23 09:59:11 ==== 规则 [ceshi3] 已启动并成功监听TCP在 :2228 (tcp) ====
2025/09/23 09:59:11 ==== 规则 [测试4] 已启动并成功监听TCP在 :2229 (tcp) ====
2025/09/23 09:59:11 ==== 规则 [ceshi5] 已启动并成功监听TCP在 :2230 (tcp) ====
2025/09/23 09:59:11 ==== 规则 [ceshi8] 已启动并成功监听TCP在 :22896 (tcp) ====
2025/09/23 09:59:11 准备启动Web服务...
2025/09/23 09:59:11 [WebForwarder] 已自动为地址 [fe80::ac2:a1ff:fe44:c7d8] 找到网络接口 [enp6s1]
2025/09/23 09:59:11 [WebManager] 规则 [02test] 已被禁用，跳过启动。
2025/09/23 09:59:11 所有服务已在后台启动。
2025/09/23 09:59:11 [WebForwarder] 开始监听Web服务 [test-web] on [fe80::ac2:a1ff:fe44:c7d8%enp6s1]:81
2025/09/23 09:59:11 Web API 和 WebSocket 服务器启动于 http://localhost:8080
2025/09/23 09:59:11 [Manager] 新的WebSocket客户端已连接
2025/09/23 09:59:11 [Updater] 名单 [vn] 已成功保存到文件: ip_lists/vn.txt
2025/09/23 09:59:11 [Updater] 名单 [vn] 已成功更新，包含 8689 个IP/CIDR。
2025/09/23 09:59:12 [Updater] 名单 [中国ip] 已成功保存到文件: ip_lists/中国ip.txt
2025/09/23 09:59:12 [Updater] 名单 [中国ip] 已成功更新，包含 8702 个IP/CIDR。
2025/09/23 09:59:12 [Updater] 所有动态名单更新周期完成。
2025/09/23 09:59:12 [Manager] 新的WebSocket客户端已连接
2025/09/23 09:59:15 [Manager] 新的WebSocket客户端已连接
2025/09/23 09:59:22 [Manager] 一个WebSocket客户端已断开
2025/09/23 09:59:22 [Manager] 新的WebSocket客户端已连接
2025/09/23 09:59:27 [Manager] 新的WebSocket客户端已连接
2025/09/23 09:59:30 [Manager] 一个WebSocket客户端已断开
2025/09/23 09:59:35 [Manager] 新的WebSocket客户端已连接
2025/09/23 09:59:46 [Manager] 新的WebSocket客户端已连接
2025/09/23 10:27:50 [LogJanitor] 日志清理服务已启动，每小时检查一次。
2025/09/23 10:27:50 配置加载成功。
2025/09/23 10:27:50 [IPFilter] 所有手动IP名单已更新。
2025/09/23 10:27:50 [IPFilter] 已从缓存文件加载名单 [中国ip] 到内存。
2025/09/23 10:27:50 [IPFilter] 已从缓存文件加载名单 [vn] 到内存。
2025/09/23 10:27:50 [Updater] 后台IP名单更新服务已启动，每 168h0m0s 检查一次。
2025/09/23 10:27:50 准备启动转发器...
2025/09/23 10:27:50 [Updater] 发现 2 个需要更新的国家/URL IP名单，开始更新...
2025/09/23 10:27:50 ==== 规则 [test-all] 已启动并成功监听UDP在 0.0.0.0:80 (udp4) ====
2025/09/23 10:27:50 错误: 无法为规则 [test-all] 监听TCP端口 0.0.0.0:80 (tcp4): listen tcp4 0.0.0.0:80: bind: address already in use
2025/09/23 10:27:50 [Manager] 规则 [test-all] 部分启动失败，正在停止已成功的部分...
2025/09/23 10:27:50 [Manager] 已停止规则 [test-all] 的UDP监听。
2025/09/23 10:27:50 ==== 规则 [test-tcp01] 已启动并成功监听UDP在 :53536 (udp) ====
2025/09/23 10:27:50 ==== 规则 [端口转发] 已启动并成功监听TCP在 :2225 (tcp) ====
2025/09/23 10:27:50 ==== 规则 [测试] 已启动并成功监听TCP在 [::]:22226 (tcp6) ====
2025/09/23 10:27:50 ==== 规则 [测试1] 已启动并成功监听TCP在 :2226 (tcp) ====
2025/09/23 10:27:50 ==== 规则 [ceshi2] 已启动并成功监听TCP在 :2227 (tcp) ====
2025/09/23 10:27:50 ==== 规则 [ceshi3] 已启动并成功监听TCP在 :2228 (tcp) ====
2025/09/23 10:27:50 ==== 规则 [测试4] 已启动并成功监听TCP在 :2229 (tcp) ====
2025/09/23 10:27:50 ==== 规则 [ceshi5] 已启动并成功监听TCP在 :2230 (tcp) ====
2025/09/23 10:27:50 ==== 规则 [ceshi8] 已启动并成功监听TCP在 :22896 (tcp) ====
2025/09/23 10:27:50 准备启动Web服务...
2025/09/23 10:27:50 [WebForwarder] 已自动为地址 [fe80::ac2:a1ff:fe44:c7d8] 找到网络接口 [enp6s1]
2025/09/23 10:27:50 [WebManager] 规则 [02test] 已被禁用，跳过启动。
2025/09/23 10:27:50 所有服务已在后台启动。
2025/09/23 10:27:50 Web API 和 WebSocket 服务器启动于 http://localhost:8080
2025/09/23 10:27:50 [Manager] 新的WebSocket客户端已连接
2025/09/23 10:27:50 [Updater] 名单 [vn] 已成功保存到文件: ip_lists/vn.txt
2025/09/23 10:27:50 [Updater] 名单 [vn] 已成功更新，包含 8689 个IP/CIDR。
2025/09/23 10:27:50 [Manager] 新的WebSocket客户端已连接
2025/09/23 10:27:50 [Manager] 新的WebSocket客户端已连接
2025/09/23 10:27:51 [Updater] 名单 [中国ip] 已成功保存到文件: ip_lists/中国ip.txt
2025/09/23 10:27:51 [Updater] 名单 [中国ip] 已成功更新，包含 8702 个IP/CIDR。
2025/09/23 10:27:51 [Updater] 所有动态名单更新周期完成。
2025/09/23 10:27:54 [Manager] 一个WebSocket客户端已断开
2025/09/23 10:27:54 [Manager] 一个WebSocket客户端已断开
2025/09/23 10:27:54 [Manager] 一个WebSocket客户端已断开
2025/09/23 10:27:57 [Manager] 新的WebSocket客户端已连接
2025/09/23 10:35:33 [Manager] 一个WebSocket客户端已断开
2025/09/23 10:35:33 [Manager] 新的WebSocket客户端已连接
2025/09/23 10:37:24 [LogJanitor] 日志清理服务已启动，每小时检查一次。
2025/09/23 10:37:24 配置加载成功。
2025/09/23 10:37:24 [IPFilter] 所有手动IP名单已更新。
2025/09/23 10:37:24 [IPFilter] 已从缓存文件加载名单 [中国ip] 到内存。
2025/09/23 10:37:24 [IPFilter] 已从缓存文件加载名单 [vn] 到内存。
2025/09/23 10:37:24 [Updater] 后台IP名单更新服务已启动，每 168h0m0s 检查一次。
2025/09/23 10:37:24 准备启动转发器...
2025/09/23 10:37:24 [Updater] 发现 2 个需要更新的国家/URL IP名单，开始更新...
2025/09/23 10:37:24 ==== 规则 [test-all] 已启动并成功监听UDP在 0.0.0.0:80 (udp4) ====
2025/09/23 10:37:24 错误: 无法为规则 [test-all] 监听TCP端口 0.0.0.0:80 (tcp4): listen tcp4 0.0.0.0:80: bind: address already in use
2025/09/23 10:37:24 [Manager] 规则 [test-all] 部分启动失败，正在停止已成功的部分...
2025/09/23 10:37:24 [Manager] 已停止规则 [test-all] 的UDP监听。
2025/09/23 10:37:24 ==== 规则 [test-tcp01] 已启动并成功监听UDP在 :53536 (udp) ====
2025/09/23 10:37:24 ==== 规则 [端口转发] 已启动并成功监听TCP在 :2225 (tcp) ====
2025/09/23 10:37:24 ==== 规则 [测试] 已启动并成功监听TCP在 [::]:22226 (tcp6) ====
2025/09/23 10:37:24 ==== 规则 [测试1] 已启动并成功监听TCP在 :2226 (tcp) ====
2025/09/23 10:37:24 ==== 规则 [ceshi2] 已启动并成功监听TCP在 :2227 (tcp) ====
2025/09/23 10:37:24 ==== 规则 [ceshi3] 已启动并成功监听TCP在 :2228 (tcp) ====
2025/09/23 10:37:24 ==== 规则 [测试4] 已启动并成功监听TCP在 :2229 (tcp) ====
2025/09/23 10:37:24 ==== 规则 [ceshi5] 已启动并成功监听TCP在 :2230 (tcp) ====
2025/09/23 10:37:24 ==== 规则 [ceshi8] 已启动并成功监听TCP在 :22896 (tcp) ====
2025/09/23 10:37:24 准备启动Web服务...
2025/09/23 10:37:24 [WebForwarder] 已自动为地址 [fe80::ac2:a1ff:fe44:c7d8] 找到网络接口 [enp6s1]
2025/09/23 10:37:24 [WebManager] 规则 [02test] 已被禁用，跳过启动。
2025/09/23 10:37:24 所有服务已在后台启动。
2025/09/23 10:37:24 Web API 和 WebSocket 服务器启动于 http://localhost:8080
2025/09/23 10:37:25 [Manager] 新的WebSocket客户端已连接
2025/09/23 10:37:25 [Manager] 新的WebSocket客户端已连接
2025/09/23 10:37:25 [Updater] 名单 [vn] 已成功保存到文件: ip_lists/vn.txt
2025/09/23 10:37:25 [Updater] 名单 [vn] 已成功更新，包含 8689 个IP/CIDR。
2025/09/23 10:37:25 [Updater] 名单 [中国ip] 已成功保存到文件: ip_lists/中国ip.txt
2025/09/23 10:37:25 [Updater] 名单 [中国ip] 已成功更新，包含 8702 个IP/CIDR。
2025/09/23 10:37:25 [Updater] 所有动态名单更新周期完成。
2025/09/23 10:37:25 [Manager] 新的WebSocket客户端已连接
2025/09/23 10:37:27 [Manager] 新的WebSocket客户端已连接
2025/09/23 10:37:30 [Manager] 一个WebSocket客户端已断开
2025/09/23 10:37:30 [Manager] 一个WebSocket客户端已断开
2025/09/23 10:37:30 [Manager] 一个WebSocket客户端已断开
2025/09/23 10:37:30 [Manager] 一个WebSocket客户端已断开
2025/09/23 10:37:30 [Manager] 新的WebSocket客户端已连接
2025/09/23 10:43:28 [Manager] 一个WebSocket客户端已断开
2025/09/23 10:43:28 [Manager] 新的WebSocket客户端已连接
2025/09/23 10:43:33 [Manager] 新的WebSocket客户端已连接
2025/09/23 10:48:50 [LogJanitor] 日志清理服务已启动，每小时检查一次。
2025/09/23 10:48:50 配置加载成功。
2025/09/23 10:48:50 [IPFilter] 所有手动IP名单已更新。
2025/09/23 10:48:50 [IPFilter] 已从缓存文件加载名单 [中国ip] 到内存。
2025/09/23 10:48:50 [IPFilter] 已从缓存文件加载名单 [vn] 到内存。
2025/09/23 10:48:50 [Updater] 后台IP名单更新服务已启动，每 168h0m0s 检查一次。
2025/09/23 10:48:50 准备启动转发器...
2025/09/23 10:48:50 ==== 规则 [test-all] 已启动并成功监听UDP在 0.0.0.0:80 (udp4) ====
2025/09/23 10:48:50 [Updater] 发现 2 个需要更新的国家/URL IP名单，开始更新...
2025/09/23 10:48:50 错误: 无法为规则 [test-all] 监听TCP端口 0.0.0.0:80 (tcp4): listen tcp4 0.0.0.0:80: bind: address already in use
2025/09/23 10:48:50 [Manager] 规则 [test-all] 部分启动失败，正在停止已成功的部分...
2025/09/23 10:48:50 [Manager] 已停止规则 [test-all] 的UDP监听。
2025/09/23 10:48:50 ==== 规则 [test-tcp01] 已启动并成功监听UDP在 :53536 (udp) ====
2025/09/23 10:48:50 ==== 规则 [端口转发] 已启动并成功监听TCP在 :2225 (tcp) ====
2025/09/23 10:48:50 ==== 规则 [测试] 已启动并成功监听TCP在 [::]:22226 (tcp6) ====
2025/09/23 10:48:50 ==== 规则 [测试1] 已启动并成功监听TCP在 :2226 (tcp) ====
2025/09/23 10:48:50 ==== 规则 [ceshi2] 已启动并成功监听TCP在 :2227 (tcp) ====
2025/09/23 10:48:50 ==== 规则 [ceshi3] 已启动并成功监听TCP在 :2228 (tcp) ====
2025/09/23 10:48:50 ==== 规则 [测试4] 已启动并成功监听TCP在 :2229 (tcp) ====
2025/09/23 10:48:50 ==== 规则 [ceshi5] 已启动并成功监听TCP在 :2230 (tcp) ====
2025/09/23 10:48:50 ==== 规则 [ceshi8] 已启动并成功监听TCP在 :22896 (tcp) ====
2025/09/23 10:48:50 准备启动Web服务...
2025/09/23 10:48:50 [WebForwarder] 已自动为地址 [fe80::ac2:a1ff:fe44:c7d8] 找到网络接口 [enp6s1]
2025/09/23 10:48:50 [WebManager] 规则 [02test] 已被禁用，跳过启动。
2025/09/23 10:48:50 所有服务已在后台启动。
2025/09/23 10:48:50 Web API 和 WebSocket 服务器启动于 http://localhost:8080
2025/09/23 10:48:50 [Manager] 新的WebSocket客户端已连接
2025/09/23 10:48:50 [Updater] 名单 [vn] 已成功保存到文件: ip_lists/vn.txt
2025/09/23 10:48:50 [Updater] 名单 [vn] 已成功更新，包含 8689 个IP/CIDR。
2025/09/23 10:48:51 [Updater] 名单 [中国ip] 已成功保存到文件: ip_lists/中国ip.txt
2025/09/23 10:48:51 [Updater] 名单 [中国ip] 已成功更新，包含 8702 个IP/CIDR。
2025/09/23 10:48:51 [Updater] 所有动态名单更新周期完成。
2025/09/23 10:48:54 [Manager] 新的WebSocket客户端已连接
2025/09/23 10:48:55 [Manager] 一个WebSocket客户端已断开
2025/09/23 10:48:55 [Manager] 一个WebSocket客户端已断开
2025/09/23 10:48:56 [Manager] 新的WebSocket客户端已连接
2025/09/23 10:48:57 [Manager] 一个WebSocket客户端已断开
2025/09/23 10:48:57 [Manager] 新的WebSocket客户端已连接
2025/09/23 10:48:58 [Manager] 一个WebSocket客户端已断开
2025/09/23 10:48:58 [Manager] 新的WebSocket客户端已连接
2025/09/23 10:49:01 [Manager] 新的WebSocket客户端已连接
2025/09/23 10:49:01 [Manager] 新的WebSocket客户端已连接
2025/09/23 10:50:01 [WebManager] 正在停止Web服务规则 [test-web]...
2025/09/23 10:50:01 [WebManager] 规则 [test-web] 的监听 [[fe80::ac2:a1ff:fe44:c7d8%enp6s1]:81] 已成功停止。
2025/09/23 10:50:02 [WebForwarder] 已自动为地址 [fe80::ac2:a1ff:fe44:c7d8] 找到网络接口 [enp6s1]
2025/09/23 10:50:02 [Manager] 已更新子规则 [01]@[test-web] 并重启服务
2025/09/23 10:54:47 [WebForwarder] 规则 [02test] 在 [0.0.0.0:80] 监听失败: listen tcp4 0.0.0.0:80: bind: address already in use
2025/09/23 10:54:47 [WebForwarder] 规则 [02test] 在 [[::]:80] 监听失败: listen tcp6 [::]:80: bind: address already in use
2025/09/23 10:54:58 [Manager] 一个WebSocket客户端已断开
2025/09/23 10:54:58 [Manager] 新的WebSocket客户端已连接
2025/09/23 10:55:03 [Manager] 新的WebSocket客户端已连接
2025/09/23 10:55:04 [Manager] 一个WebSocket客户端已断开
2025/09/23 10:55:04 [Manager] 新的WebSocket客户端已连接
2025/09/23 10:55:07 [WebManager] 正在停止Web服务规则 [02test]...
2025/09/23 10:55:07 [WebManager] 规则 [02test] 的监听 [0.0.0.0:80] 已成功停止。
2025/09/23 10:55:07 [WebManager] 规则 [02test] 的监听 [[::]:80] 已成功停止。
2025/09/23 10:55:09 [Manager] 新的WebSocket客户端已连接
2025/09/23 10:55:52 [Manager] 一个WebSocket客户端已断开
2025/09/23 10:55:52 [Manager] 新的WebSocket客户端已连接
2025/09/23 10:55:57 [Manager] 新的WebSocket客户端已连接
2025/09/23 11:00:35 [Manager] 一个WebSocket客户端已断开
2025/09/23 11:00:40 [Manager] 新的WebSocket客户端已连接
2025/09/23 11:00:44 [Manager] 新的WebSocket客户端已连接
2025/09/23 11:01:50 [LogJanitor] 日志清理服务已启动，每小时检查一次。
2025/09/23 11:01:50 配置加载成功。
2025/09/23 11:01:50 [IPFilter] 所有手动IP名单已更新。
2025/09/23 11:01:50 [IPFilter] 已从缓存文件加载名单 [中国ip] 到内存。
2025/09/23 11:01:50 [IPFilter] 已从缓存文件加载名单 [vn] 到内存。
2025/09/23 11:01:50 [Updater] 后台IP名单更新服务已启动，每 168h0m0s 检查一次。
2025/09/23 11:01:50 准备启动转发器...
2025/09/23 11:01:50 [Updater] 发现 2 个需要更新的国家/URL IP名单，开始更新...
2025/09/23 11:01:50 ==== 规则 [test-all] 已启动并成功监听UDP在 0.0.0.0:80 (udp4) ====
2025/09/23 11:01:50 错误: 无法为规则 [test-all] 监听TCP端口 0.0.0.0:80 (tcp4): listen tcp4 0.0.0.0:80: bind: address already in use
2025/09/23 11:01:50 [Manager] 规则 [test-all] 部分启动失败，正在停止已成功的部分...
2025/09/23 11:01:50 [Manager] 已停止规则 [test-all] 的UDP监听。
2025/09/23 11:01:50 ==== 规则 [test-tcp01] 已启动并成功监听UDP在 :53536 (udp) ====
2025/09/23 11:01:50 ==== 规则 [端口转发] 已启动并成功监听TCP在 :2225 (tcp) ====
2025/09/23 11:01:50 ==== 规则 [测试] 已启动并成功监听TCP在 [::]:22226 (tcp6) ====
2025/09/23 11:01:50 ==== 规则 [测试1] 已启动并成功监听TCP在 :2226 (tcp) ====
2025/09/23 11:01:50 ==== 规则 [ceshi2] 已启动并成功监听TCP在 :2227 (tcp) ====
2025/09/23 11:01:50 ==== 规则 [ceshi3] 已启动并成功监听TCP在 :2228 (tcp) ====
2025/09/23 11:01:50 ==== 规则 [测试4] 已启动并成功监听TCP在 :2229 (tcp) ====
2025/09/23 11:01:50 ==== 规则 [ceshi5] 已启动并成功监听TCP在 :2230 (tcp) ====
2025/09/23 11:01:50 ==== 规则 [ceshi8] 已启动并成功监听TCP在 :22896 (tcp) ====
2025/09/23 11:01:50 准备启动Web服务...
2025/09/23 11:01:50 [WebForwarder] 已自动为地址 [fe80::ac2:a1ff:fe44:c7d8] 找到网络接口 [enp6s1]
2025/09/23 11:01:50 [WebManager] 规则 [02test] 已被禁用，跳过启动。
2025/09/23 11:01:50 所有服务已在后台启动。
2025/09/23 11:01:50 Web API 和 WebSocket 服务器启动于 http://localhost:8080
2025/09/23 11:01:50 [Updater] 名单 [vn] 已成功保存到文件: ip_lists/vn.txt
2025/09/23 11:01:50 [Updater] 名单 [vn] 已成功更新，包含 8689 个IP/CIDR。
2025/09/23 11:01:50 [Manager] 新的WebSocket客户端已连接
2025/09/23 11:01:50 [Manager] 新的WebSocket客户端已连接
2025/09/23 11:01:50 [Manager] 新的WebSocket客户端已连接
2025/09/23 11:01:50 [Manager] 新的WebSocket客户端已连接
2025/09/23 11:01:50 [Manager] 新的WebSocket客户端已连接
2025/09/23 11:01:50 [Manager] 新的WebSocket客户端已连接
2025/09/23 11:01:50 [Manager] 新的WebSocket客户端已连接
2025/09/23 11:01:51 [Updater] 名单 [中国ip] 已成功保存到文件: ip_lists/中国ip.txt
2025/09/23 11:01:51 [Updater] 名单 [中国ip] 已成功更新，包含 8702 个IP/CIDR。
2025/09/23 11:01:51 [Updater] 所有动态名单更新周期完成。
2025/09/23 11:01:54 [Manager] 一个WebSocket客户端已断开
2025/09/23 11:01:54 [Manager] 一个WebSocket客户端已断开
2025/09/23 11:01:54 [Manager] 一个WebSocket客户端已断开
2025/09/23 11:01:54 [Manager] 一个WebSocket客户端已断开
2025/09/23 11:01:54 [Manager] 一个WebSocket客户端已断开
2025/09/23 11:01:54 [Manager] 一个WebSocket客户端已断开
2025/09/23 11:01:54 [Manager] 一个WebSocket客户端已断开
2025/09/23 11:01:54 [Manager] 新的WebSocket客户端已连接
2025/09/23 11:01:56 [WebForwarder] 规则 [02test] 在 [0.0.0.0:80] 监听失败: listen tcp4 0.0.0.0:80: bind: address already in use
2025/09/23 11:01:56 [WebForwarder] 规则 [02test] 在 [[::]:80] 监听失败: listen tcp6 [::]:80: bind: address already in use
2025/09/23 11:01:57 [Manager] 一个WebSocket客户端已断开
2025/09/23 11:01:58 [Manager] 新的WebSocket客户端已连接
2025/09/23 11:01:58 [Manager] 一个WebSocket客户端已断开
2025/09/23 11:01:58 [Manager] 新的WebSocket客户端已连接
2025/09/23 11:06:48 [LogJanitor] 日志清理服务已启动，每小时检查一次。
2025/09/23 11:06:48 配置加载成功。
2025/09/23 11:06:48 [IPFilter] 所有手动IP名单已更新。
2025/09/23 11:06:48 [IPFilter] 已从缓存文件加载名单 [中国ip] 到内存。
2025/09/23 11:06:48 [IPFilter] 已从缓存文件加载名单 [vn] 到内存。
2025/09/23 11:06:48 [Updater] 后台IP名单更新服务已启动，每 168h0m0s 检查一次。
2025/09/23 11:06:48 准备启动转发器...
2025/09/23 11:06:48 [Updater] 发现 2 个需要更新的国家/URL IP名单，开始更新...
2025/09/23 11:06:48 ==== 规则 [test-all] 已启动并成功监听UDP在 0.0.0.0:80 (udp4) ====
2025/09/23 11:06:48 错误: 无法为规则 [test-all] 监听TCP端口 0.0.0.0:80 (tcp4): listen tcp4 0.0.0.0:80: bind: address already in use
2025/09/23 11:06:48 [Manager] 规则 [test-all] 部分启动失败，正在停止已成功的部分...
2025/09/23 11:06:48 [Manager] 已停止规则 [test-all] 的UDP监听。
2025/09/23 11:06:48 ==== 规则 [test-tcp01] 已启动并成功监听UDP在 :53536 (udp) ====
2025/09/23 11:06:48 ==== 规则 [端口转发] 已启动并成功监听TCP在 :2225 (tcp) ====
2025/09/23 11:06:48 ==== 规则 [测试] 已启动并成功监听TCP在 [::]:22226 (tcp6) ====
2025/09/23 11:06:48 ==== 规则 [测试1] 已启动并成功监听TCP在 :2226 (tcp) ====
2025/09/23 11:06:48 ==== 规则 [ceshi2] 已启动并成功监听TCP在 :2227 (tcp) ====
2025/09/23 11:06:48 ==== 规则 [ceshi3] 已启动并成功监听TCP在 :2228 (tcp) ====
2025/09/23 11:06:48 ==== 规则 [测试4] 已启动并成功监听TCP在 :2229 (tcp) ====
2025/09/23 11:06:48 ==== 规则 [ceshi5] 已启动并成功监听TCP在 :2230 (tcp) ====
2025/09/23 11:06:48 ==== 规则 [ceshi8] 已启动并成功监听TCP在 :22896 (tcp) ====
2025/09/23 11:06:48 准备启动Web服务...
2025/09/23 11:06:48 [WebForwarder] 已自动为地址 [fe80::ac2:a1ff:fe44:c7d8] 找到网络接口 [enp6s1]
2025/09/23 11:06:48 所有服务已在后台启动。
2025/09/23 11:06:48 [WebForwarder] 规则 [02test] 在 [[::]:80] 监听失败: listen tcp6 [::]:80: bind: address already in use
2025/09/23 11:06:48 [WebForwarder] 规则 [02test] 在 [0.0.0.0:80] 监听失败: listen tcp4 0.0.0.0:80: bind: address already in use
2025/09/23 11:06:48 Web API 和 WebSocket 服务器启动于 http://localhost:8080
2025/09/23 11:06:48 [Updater] 名单 [vn] 已成功保存到文件: ip_lists/vn.txt
2025/09/23 11:06:48 [Updater] 名单 [vn] 已成功更新，包含 8689 个IP/CIDR。
2025/09/23 11:06:49 [Manager] 新的WebSocket客户端已连接
2025/09/23 11:06:49 [Updater] 名单 [中国ip] 已成功保存到文件: ip_lists/中国ip.txt
2025/09/23 11:06:49 [Updater] 名单 [中国ip] 已成功更新，包含 8702 个IP/CIDR。
2025/09/23 11:06:49 [Updater] 所有动态名单更新周期完成。
2025/09/23 11:10:24 [Manager] 一个WebSocket客户端已断开
2025/09/23 11:10:24 [Manager] 新的WebSocket客户端已连接
2025/09/23 11:10:29 [Manager] 新的WebSocket客户端已连接
2025/09/23 11:11:11 [WebManager] 正在停止Web服务规则 [test-web]...
2025/09/23 11:11:11 [WebManager] 规则 [test-web] 的监听 [[fe80::ac2:a1ff:fe44:c7d8%enp6s1]:81] 已成功停止。
2025/09/23 11:11:11 [WebForwarder] 已自动为地址 [fe80::ac2:a1ff:fe44:c7d8] 找到网络接口 [enp6s1]
2025/09/23 11:11:11 [Manager] 已切换子规则 [01]@[test-web] 状态为: false 并重启服务
2025/09/23 11:11:22 [WebManager] 正在停止Web服务规则 [test-web]...
2025/09/23 11:11:22 [WebManager] 规则 [test-web] 的监听 [[fe80::ac2:a1ff:fe44:c7d8%enp6s1]:81] 已成功停止。
2025/09/23 11:11:23 [WebForwarder] 已自动为地址 [fe80::ac2:a1ff:fe44:c7d8] 找到网络接口 [enp6s1]
2025/09/23 11:11:23 [Manager] 已切换子规则 [01]@[test-web] 状态为: true 并重启服务
2025/09/23 11:11:28 [WebManager] 正在停止Web服务规则 [test-web]...
2025/09/23 11:11:28 [WebManager] 规则 [test-web] 的监听 [[fe80::ac2:a1ff:fe44:c7d8%enp6s1]:81] 已成功停止。
2025/09/23 11:11:28 [WebForwarder] 已自动为地址 [fe80::ac2:a1ff:fe44:c7d8] 找到网络接口 [enp6s1]
2025/09/23 11:11:28 [Manager] 已切换子规则 [01]@[test-web] 状态为: false 并重启服务
2025/09/23 11:12:21 [WebManager] 正在停止Web服务规则 [test-web]...
2025/09/23 11:12:21 [WebManager] 规则 [test-web] 的监听 [[fe80::ac2:a1ff:fe44:c7d8%enp6s1]:81] 已成功停止。
2025/09/23 11:12:21 [Manager] 已更新Web服务规则 [test-web]
2025/09/23 11:12:44 [test-web] 新的Web连接: 192.168.122.250:63891 on 192.168.122.49:81
2025/09/23 11:12:44 [test-web] 新的Web连接: 192.168.122.250:63892 on 192.168.122.49:81
2025/09/23 11:12:44 [test-web] 请求未匹配子规则: 192.168.122.250:63891 -> GET 192.168.122.49:81/
2025/09/23 11:12:47 [test-web] 请求未匹配子规则: 192.168.122.250:63891 -> GET 192.168.122.49:81/
2025/09/23 11:12:48 [test-web] 请求未匹配子规则: 192.168.122.250:63891 -> GET 192.168.122.49:81/
2025/09/23 11:12:48 [test-web] 请求未匹配子规则: 192.168.122.250:63891 -> GET 192.168.122.49:81/
2025/09/23 11:12:48 [test-web] 请求未匹配子规则: 192.168.122.250:63891 -> GET 192.168.122.49:81/
2025/09/23 11:13:20 [test-web] 新的Web连接: 192.168.122.250:63893 on 192.168.122.49:81
2025/09/23 11:13:20 [test-web] 新的Web连接: 192.168.122.250:63894 on 192.168.122.49:81
2025/09/23 11:13:41 [test-web] 新的Web连接: 192.168.122.250:63918 on 192.168.122.49:81
2025/09/23 11:13:49 [test-web] 新的Web连接: 192.168.122.250:63924 on 192.168.122.49:81
2025/09/23 11:13:49 [test-web] 新的Web连接: 192.168.122.250:63925 on 192.168.122.49:81
2025/09/23 11:13:49 [test-web] 新的Web连接: 192.168.122.250:63926 on 192.168.122.49:81
2025/09/23 11:13:51 [test-web] 新的Web连接: 192.168.122.250:63927 on 192.168.122.49:81
2025/09/23 11:13:51 [test-web] 新的Web连接: 192.168.122.250:63928 on 192.168.122.49:81
2025/09/23 11:13:51 [test-web] 新的Web连接: 192.168.122.250:63929 on 192.168.122.49:81
2025/09/23 11:13:51 [test-web] 新的Web连接: 192.168.122.250:63930 on 192.168.122.49:81
2025/09/23 11:13:51 [test-web] 新的Web连接: 192.168.122.250:63931 on 192.168.122.49:81
2025/09/23 11:13:51 [test-web] 新的Web连接: 192.168.122.250:63932 on 192.168.122.49:81
2025/09/23 11:13:54 [test-web] 新的Web连接: 192.168.122.250:63934 on 192.168.122.49:81
2025/09/23 11:13:55 [test-web] 新的Web连接: 192.168.122.250:63935 on 192.168.122.49:81
2025/09/23 11:14:06 [test-web] 新的Web连接: 192.168.122.250:63936 on 192.168.122.49:81
2025/09/23 11:14:06 [test-web] 新的Web连接: 192.168.122.250:63937 on 192.168.122.49:81
2025/09/23 11:14:20 [WebManager] 正在停止Web服务规则 [test-web]...
2025/09/23 11:14:20 [WebManager] 规则 [test-web] 的监听 [0.0.0.0:81] 已成功停止。
2025/09/23 11:14:20 [WebManager] 规则 [test-web] 的监听 [[::]:81] 已成功停止。
2025/09/23 11:14:20 [Manager] 已更新Web服务规则 [test-web]
2025/09/23 11:14:29 [test-web] 新的Web连接: 192.168.122.250:63955 on 192.168.122.49:82
2025/09/23 11:14:29 [test-web] 新的Web连接: 192.168.122.250:63956 on 192.168.122.49:82
2025/09/23 11:14:29 [test-web] 请求未匹配子规则: 192.168.122.250:63955 -> GET cnyun.de:82/
2025/09/23 11:14:29 [test-web] 请求未匹配子规则: 192.168.122.250:63955 -> GET cnyun.de:82/favicon.ico
2025/09/23 11:14:32 [test-web] 请求未匹配子规则: 192.168.122.250:63955 -> GET cnyun.de:82/
2025/09/23 11:14:52 [test-web] 新的Web连接: 192.168.122.250:63967 on 192.168.122.49:82
2025/09/23 11:14:52 [test-web] 新的Web连接: 192.168.122.250:63968 on 192.168.122.49:82
2025/09/23 11:14:52 [test-web] 新的Web连接: 192.168.122.250:63969 on 192.168.122.49:82
2025/09/23 11:14:52 [test-web] 新的Web连接: 192.168.122.250:63970 on 192.168.122.49:82
2025/09/23 11:14:56 [test-web] 新的Web连接: 192.168.122.250:63973 on 192.168.122.49:82
2025/09/23 11:14:56 [test-web] 新的Web连接: 192.168.122.250:63974 on 192.168.122.49:82
2025/09/23 11:14:56 [test-web] 请求未匹配子规则: 192.168.122.250:63974 -> GET cnyun.de:82/
2025/09/23 11:14:56 [test-web] 请求未匹配子规则: 192.168.122.250:63974 -> GET cnyun.de:82/favicon.ico
2025/09/23 11:14:58 [test-web] 请求未匹配子规则: 192.168.122.250:63974 -> GET cnyun.de:82/
2025/09/23 11:15:06 [WebManager] 正在停止Web服务规则 [test-web]...
2025/09/23 11:15:06 [WebManager] 规则 [test-web] 的监听 [0.0.0.0:82] 已成功停止。
2025/09/23 11:15:06 [WebManager] 规则 [test-web] 的监听 [[::]:82] 已成功停止。
2025/09/23 11:15:06 [Manager] 已切换子规则 [01]@[test-web] 状态为: true 并重启服务
2025/09/23 11:15:10 [test-web] 新的Web连接: 192.168.122.250:63976 on 192.168.122.49:82
2025/09/23 11:15:10 [test-web] 新的Web连接: 192.168.122.250:63977 on 192.168.122.49:82
2025/09/23 11:15:10 [test-web 01] 处理请求: 192.168.122.250:63976 -> GET cnyun.de:82/
2025/09/23 11:15:10 [test-web 01] 正在转发请求: GET cnyun.de:82 -> http://1.13.161.181:38707/
2025/09/23 11:15:10 [test-web 01] 收到后端响应: 400 Bad Request
2025/09/23 11:15:54 [WebManager] 正在停止Web服务规则 [test-web]...
2025/09/23 11:15:54 [WebManager] 规则 [test-web] 的监听 [0.0.0.0:82] 已成功停止。
2025/09/23 11:15:54 [WebManager] 规则 [test-web] 的监听 [[::]:82] 已成功停止。
2025/09/23 11:15:54 [Manager] 已切换子规则 [01]@[test-web] 状态为: false 并重启服务
2025/09/23 11:15:56 [WebManager] 正在停止Web服务规则 [test-web]...
2025/09/23 11:15:56 [WebManager] 规则 [test-web] 的监听 [0.0.0.0:82] 已成功停止。
2025/09/23 11:15:56 [WebManager] 规则 [test-web] 的监听 [[::]:82] 已成功停止。
2025/09/23 11:15:56 [Manager] 已切换子规则 [01]@[test-web] 状态为: true 并重启服务
2025/09/23 11:20:59 [LogJanitor] 日志清理服务已启动，每小时检查一次。
2025/09/23 11:20:59 配置加载成功。
2025/09/23 11:20:59 [IPFilter] 所有手动IP名单已更新。
2025/09/23 11:20:59 [IPFilter] 已从缓存文件加载名单 [中国ip] 到内存。
2025/09/23 11:20:59 [IPFilter] 已从缓存文件加载名单 [vn] 到内存。
2025/09/23 11:20:59 [Updater] 后台IP名单更新服务已启动，每 168h0m0s 检查一次。
2025/09/23 11:20:59 准备启动转发器...
2025/09/23 11:20:59 ==== 规则 [test-all] 已启动并成功监听UDP在 0.0.0.0:80 (udp4) ====
2025/09/23 11:20:59 [Updater] 发现 2 个需要更新的国家/URL IP名单，开始更新...
2025/09/23 11:20:59 错误: 无法为规则 [test-all] 监听TCP端口 0.0.0.0:80 (tcp4): listen tcp4 0.0.0.0:80: bind: address already in use
2025/09/23 11:20:59 [Manager] 规则 [test-all] 部分启动失败，正在停止已成功的部分...
2025/09/23 11:20:59 [Manager] 已停止规则 [test-all] 的UDP监听。
2025/09/23 11:20:59 ==== 规则 [test-tcp01] 已启动并成功监听UDP在 :53536 (udp) ====
2025/09/23 11:20:59 ==== 规则 [端口转发] 已启动并成功监听TCP在 :2225 (tcp) ====
2025/09/23 11:20:59 ==== 规则 [测试] 已启动并成功监听TCP在 [::]:22226 (tcp6) ====
2025/09/23 11:20:59 ==== 规则 [测试1] 已启动并成功监听TCP在 :2226 (tcp) ====
2025/09/23 11:20:59 ==== 规则 [ceshi2] 已启动并成功监听TCP在 :2227 (tcp) ====
2025/09/23 11:20:59 ==== 规则 [ceshi3] 已启动并成功监听TCP在 :2228 (tcp) ====
2025/09/23 11:20:59 ==== 规则 [测试4] 已启动并成功监听TCP在 :2229 (tcp) ====
2025/09/23 11:20:59 ==== 规则 [ceshi5] 已启动并成功监听TCP在 :2230 (tcp) ====
2025/09/23 11:20:59 ==== 规则 [ceshi8] 已启动并成功监听TCP在 :22896 (tcp) ====
2025/09/23 11:20:59 准备启动Web服务...
2025/09/23 11:20:59 所有服务已在后台启动。
2025/09/23 11:20:59 [WebForwarder] 规则 [02test] 在 [0.0.0.0:80] 监听失败: listen tcp4 0.0.0.0:80: bind: address already in use
2025/09/23 11:20:59 [WebForwarder] 规则 [02test] 在 [[::]:80] 监听失败: listen tcp6 [::]:80: bind: address already in use
2025/09/23 11:20:59 Web API 和 WebSocket 服务器启动于 http://localhost:8080
2025/09/23 11:20:59 [Updater] 名单 [vn] 已成功保存到文件: ip_lists/vn.txt
2025/09/23 11:20:59 [Updater] 名单 [vn] 已成功更新，包含 8689 个IP/CIDR。
2025/09/23 11:21:00 [Manager] 新的WebSocket客户端已连接
2025/09/23 11:21:00 [Manager] 新的WebSocket客户端已连接
2025/09/23 11:21:00 [Updater] 名单 [中国ip] 已成功保存到文件: ip_lists/中国ip.txt
2025/09/23 11:21:00 [Updater] 名单 [中国ip] 已成功更新，包含 8702 个IP/CIDR。
2025/09/23 11:21:00 [Updater] 所有动态名单更新周期完成。
2025/09/23 11:22:17 [Manager] 一个WebSocket客户端已断开
2025/09/23 11:22:17 [Manager] 一个WebSocket客户端已断开
2025/09/23 11:22:17 [Manager] 新的WebSocket客户端已连接
2025/09/23 11:22:19 [WebManager] 正在停止Web服务规则 [02test]...
2025/09/23 11:22:19 [WebManager] 规则 [02test] 的监听 [0.0.0.0:80] 已成功停止。
2025/09/23 11:22:19 [WebManager] 规则 [02test] 的监听 [[::]:80] 已成功停止。
2025/09/23 11:22:20 [WebForwarder] 规则 [02test] 在 [0.0.0.0:80] 监听失败: listen tcp4 0.0.0.0:80: bind: address already in use
2025/09/23 11:22:20 [WebForwarder] 规则 [02test] 在 [[::]:80] 监听失败: listen tcp6 [::]:80: bind: address already in use
2025/09/23 11:22:24 [Manager] 一个WebSocket客户端已断开
2025/09/23 11:22:24 [Manager] 新的WebSocket客户端已连接
2025/09/23 11:22:27 [Manager] 新的WebSocket客户端已连接
2025/09/23 11:22:31 [Manager] 一个WebSocket客户端已断开
2025/09/23 11:22:36 [Manager] 新的WebSocket客户端已连接
2025/09/23 11:22:52 [LogCleanup] 日志文件清理完成。
2025/09/23 11:22:57 [Manager] 新的WebSocket客户端已连接
2025/09/23 11:23:33 [Manager] 一个WebSocket客户端已断开
2025/09/23 11:23:33 [Manager] 新的WebSocket客户端已连接
2025/09/23 11:23:34 [Manager] 一个WebSocket客户端已断开
2025/09/23 11:23:34 [Manager] 一个WebSocket客户端已断开
2025/09/23 11:23:34 [Manager] 一个WebSocket客户端已断开
2025/09/23 11:23:34 [Manager] 新的WebSocket客户端已连接
2025/09/23 11:23:45 [WebManager] 正在停止Web服务规则 [test-web]...
2025/09/23 11:23:45 [WebManager] 规则 [test-web] 的监听 [0.0.0.0:82] 已成功停止。
2025/09/23 11:23:45 [WebManager] 规则 [test-web] 的监听 [[::]:82] 已成功停止。
2025/09/23 11:23:54 [WebManager] 正在停止Web服务规则 [02test]...
2025/09/23 11:23:54 [WebManager] 规则 [02test] 的监听 [0.0.0.0:80] 已成功停止。
2025/09/23 11:23:54 [WebManager] 规则 [02test] 的监听 [[::]:80] 已成功停止。
2025/09/23 11:23:55 [WebForwarder] 规则 [02test] 在 [0.0.0.0:80] 监听失败: listen tcp4 0.0.0.0:80: bind: address already in use
2025/09/23 11:23:55 [WebForwarder] 规则 [02test] 在 [[::]:80] 监听失败: listen tcp6 [::]:80: bind: address already in use
2025/09/23 11:24:02 [Manager] 一个WebSocket客户端已断开
2025/09/23 11:24:02 [Manager] 新的WebSocket客户端已连接
2025/09/23 11:24:49 [WebManager] 正在停止Web服务规则 [test-web]...
2025/09/23 11:24:49 [WebManager] 规则 [test-web] 的监听 [0.0.0.0:82] 已成功停止。
2025/09/23 11:24:49 [WebManager] 规则 [test-web] 的监听 [[::]:82] 已成功停止。
2025/09/23 11:24:49 [WebForwarder] 已自动为地址 [fe80::ac2:a1ff:fe44:c7d8] 找到网络接口 [enp6s1]
2025/09/23 11:24:49 [Manager] 已更新Web服务规则 [test-web]
2025/09/23 11:25:03 [WebManager] 正在停止Web服务规则 [test-web]...
2025/09/23 11:25:03 [WebManager] 规则 [test-web] 的监听 [[fe80::ac2:a1ff:fe44:c7d8%enp6s1]:82] 已成功停止。
2025/09/23 11:25:04 [WebForwarder] 已自动为地址 [fe80::ac2:a1ff:fe44:c7d8] 找到网络接口 [enp6s1]
2025/09/23 11:25:04 [Manager] 已切换子规则 [01]@[test-web] 状态为: false 并重启服务
2025/09/23 11:25:08 [WebManager] 正在停止Web服务规则 [test-web]...
2025/09/23 11:25:08 [WebManager] 规则 [test-web] 的监听 [[fe80::ac2:a1ff:fe44:c7d8%enp6s1]:82] 已成功停止。
2025/09/23 11:25:08 [WebForwarder] 已自动为地址 [fe80::ac2:a1ff:fe44:c7d8] 找到网络接口 [enp6s1]
2025/09/23 11:25:08 [Manager] 已切换子规则 [01]@[test-web] 状态为: true 并重启服务
2025/09/23 11:25:08 [WebManager] 正在停止Web服务规则 [test-web]...
2025/09/23 11:25:08 [WebManager] 规则 [test-web] 的监听 [[fe80::ac2:a1ff:fe44:c7d8%enp6s1]:82] 已成功停止。
2025/09/23 11:25:09 [WebForwarder] 已自动为地址 [fe80::ac2:a1ff:fe44:c7d8] 找到网络接口 [enp6s1]
2025/09/23 11:25:09 [Manager] 已切换子规则 [01]@[test-web] 状态为: false 并重启服务
2025/09/23 11:25:10 [WebManager] 正在停止Web服务规则 [test-web]...
2025/09/23 11:25:10 [WebManager] 规则 [test-web] 的监听 [[fe80::ac2:a1ff:fe44:c7d8%enp6s1]:82] 已成功停止。
2025/09/23 11:25:10 [WebForwarder] 已自动为地址 [fe80::ac2:a1ff:fe44:c7d8] 找到网络接口 [enp6s1]
2025/09/23 11:25:10 [Manager] 已切换子规则 [01]@[test-web] 状态为: true 并重启服务
